{"/home/travis/build/npmtest/node-npmtest-onvif/test.js":{"path":"/home/travis/build/npmtest/node-npmtest-onvif/test.js","s":{"1":2,"2":2,"3":2,"4":2,"5":2,"6":2,"7":2,"8":1,"9":2,"10":2,"11":1,"12":1,"13":1,"14":1,"15":2,"16":2,"17":2,"18":2,"19":1,"20":1,"21":2,"22":2,"23":2,"24":1,"25":1,"26":1,"27":1,"28":1,"29":1,"30":1,"31":1,"32":1,"33":1,"34":1,"35":1,"36":1,"37":1,"38":1,"39":2,"40":2,"41":1,"42":2,"43":2,"44":1,"45":2,"46":2,"47":1,"48":2,"49":2,"50":1,"51":1,"52":1,"53":1,"54":1},"b":{"1":[2,1,1,1],"2":[1,1,1,1],"3":[1,1],"4":[1,1],"5":[1,1],"6":[1,1],"7":[1,1],"8":[1,1],"9":[1,1],"10":[1,1,1],"11":[1,1],"12":[1,1],"13":[1,1],"14":[1,1],"15":[1,1],"16":[1,1],"17":[1,1]},"f":{"1":2,"2":2,"3":2,"4":2,"5":2,"6":1,"7":1,"8":1,"9":2,"10":2,"11":2,"12":2,"13":1},"fnMap":{"1":{"name":"(anonymous_1)","line":12,"loc":{"start":{"line":12,"column":1},"end":{"line":12,"column":13}}},"2":{"name":"(anonymous_2)","line":19,"loc":{"start":{"line":19,"column":5},"end":{"line":19,"column":17}}},"3":{"name":"(anonymous_3)","line":23,"loc":{"start":{"line":23,"column":24},"end":{"line":23,"column":36}}},"4":{"name":"(anonymous_4)","line":61,"loc":{"start":{"line":61,"column":5},"end":{"line":61,"column":17}}},"5":{"name":"(anonymous_5)","line":82,"loc":{"start":{"line":82,"column":5},"end":{"line":82,"column":17}}},"6":{"name":"(anonymous_6)","line":91,"loc":{"start":{"line":91,"column":77},"end":{"line":94,"column":10}}},"7":{"name":"(anonymous_7)","line":112,"loc":{"start":{"line":112,"column":83},"end":{"line":115,"column":10}},"skip":true},"8":{"name":"(anonymous_8)","line":123,"loc":{"start":{"line":123,"column":77},"end":{"line":126,"column":10}},"skip":true},"9":{"name":"(anonymous_9)","line":139,"loc":{"start":{"line":139,"column":12},"end":{"line":139,"column":40}},"skip":true},"10":{"name":"(anonymous_10)","line":147,"loc":{"start":{"line":147,"column":77},"end":{"line":150,"column":10}},"skip":true},"11":{"name":"(anonymous_11)","line":158,"loc":{"start":{"line":158,"column":83},"end":{"line":161,"column":10}},"skip":true},"12":{"name":"(anonymous_12)","line":169,"loc":{"start":{"line":169,"column":79},"end":{"line":172,"column":10}},"skip":true},"13":{"name":"(anonymous_13)","line":180,"loc":{"start":{"line":180,"column":75},"end":{"line":183,"column":10}},"skip":true}},"statementMap":{"1":{"start":{"line":12,"column":0},"end":{"line":195,"column":5}},"2":{"start":{"line":14,"column":4},"end":{"line":14,"column":14}},"3":{"start":{"line":19,"column":4},"end":{"line":56,"column":9}},"4":{"start":{"line":21,"column":8},"end":{"line":21,"column":19}},"5":{"start":{"line":23,"column":8},"end":{"line":35,"column":13}},"6":{"start":{"line":24,"column":12},"end":{"line":34,"column":13}},"7":{"start":{"line":25,"column":16},"end":{"line":28,"column":30}},"8":{"start":{"line":30,"column":16},"end":{"line":33,"column":27}},"9":{"start":{"line":37,"column":8},"end":{"line":39,"column":21}},"10":{"start":{"line":40,"column":8},"end":{"line":53,"column":9}},"11":{"start":{"line":43,"column":12},"end":{"line":46,"column":14}},"12":{"start":{"line":47,"column":12},"end":{"line":47,"column":18}},"13":{"start":{"line":50,"column":12},"end":{"line":51,"column":33}},"14":{"start":{"line":52,"column":12},"end":{"line":52,"column":18}},"15":{"start":{"line":55,"column":8},"end":{"line":55,"column":35}},"16":{"start":{"line":61,"column":4},"end":{"line":63,"column":9}},"17":{"start":{"line":62,"column":8},"end":{"line":62,"column":15}},"18":{"start":{"line":64,"column":4},"end":{"line":77,"column":5}},"19":{"start":{"line":70,"column":8},"end":{"line":70,"column":14}},"20":{"start":{"line":76,"column":8},"end":{"line":76,"column":14}},"21":{"start":{"line":82,"column":4},"end":{"line":84,"column":9}},"22":{"start":{"line":83,"column":8},"end":{"line":83,"column":15}},"23":{"start":{"line":85,"column":4},"end":{"line":194,"column":5}},"24":{"start":{"line":91,"column":8},"end":{"line":99,"column":10}},"25":{"start":{"line":98,"column":12},"end":{"line":98,"column":35}},"26":{"start":{"line":102,"column":8},"end":{"line":104,"column":63}},"27":{"start":{"line":105,"column":8},"end":{"line":105,"column":14}},"28":{"start":{"line":112,"column":8},"end":{"line":121,"column":10},"skip":true},"29":{"start":{"line":119,"column":12},"end":{"line":119,"column":55},"skip":true},"30":{"start":{"line":120,"column":12},"end":{"line":120,"column":48},"skip":true},"31":{"start":{"line":123,"column":8},"end":{"line":136,"column":10},"skip":true},"32":{"start":{"line":130,"column":12},"end":{"line":130,"column":76},"skip":true},"33":{"start":{"line":131,"column":12},"end":{"line":131,"column":73},"skip":true},"34":{"start":{"line":132,"column":12},"end":{"line":132,"column":74},"skip":true},"35":{"start":{"line":133,"column":12},"end":{"line":133,"column":79},"skip":true},"36":{"start":{"line":134,"column":12},"end":{"line":134,"column":25},"skip":true},"37":{"start":{"line":135,"column":12},"end":{"line":135,"column":45},"skip":true},"38":{"start":{"line":138,"column":8},"end":{"line":145,"column":14},"skip":true},"39":{"start":{"line":143,"column":16},"end":{"line":143,"column":29},"skip":true},"40":{"start":{"line":144,"column":16},"end":{"line":144,"column":55},"skip":true},"41":{"start":{"line":147,"column":8},"end":{"line":156,"column":10},"skip":true},"42":{"start":{"line":154,"column":12},"end":{"line":154,"column":25},"skip":true},"43":{"start":{"line":155,"column":12},"end":{"line":155,"column":45},"skip":true},"44":{"start":{"line":158,"column":8},"end":{"line":167,"column":10},"skip":true},"45":{"start":{"line":165,"column":12},"end":{"line":165,"column":25},"skip":true},"46":{"start":{"line":166,"column":12},"end":{"line":166,"column":48},"skip":true},"47":{"start":{"line":169,"column":8},"end":{"line":178,"column":10},"skip":true},"48":{"start":{"line":176,"column":12},"end":{"line":176,"column":25},"skip":true},"49":{"start":{"line":177,"column":12},"end":{"line":177,"column":46},"skip":true},"50":{"start":{"line":180,"column":8},"end":{"line":189,"column":10},"skip":true},"51":{"start":{"line":187,"column":12},"end":{"line":187,"column":94},"skip":true},"52":{"start":{"line":188,"column":12},"end":{"line":188,"column":48},"skip":true},"53":{"start":{"line":192,"column":8},"end":{"line":192,"column":35},"skip":true},"54":{"start":{"line":193,"column":8},"end":{"line":193,"column":14},"skip":true}},"branchMap":{"1":{"line":25,"type":"binary-expr","locations":[{"start":{"line":25,"column":23},"end":{"line":25,"column":62}},{"start":{"line":26,"column":20},"end":{"line":26,"column":70}},{"start":{"line":27,"column":20},"end":{"line":27,"column":71}},{"start":{"line":28,"column":20},"end":{"line":28,"column":29}}]},"2":{"line":30,"type":"binary-expr","locations":[{"start":{"line":30,"column":23},"end":{"line":30,"column":37}},{"start":{"line":31,"column":20},"end":{"line":31,"column":61}},{"start":{"line":32,"column":20},"end":{"line":32,"column":70}},{"start":{"line":33,"column":20},"end":{"line":33,"column":26}}]},"3":{"line":37,"type":"cond-expr","locations":[{"start":{"line":38,"column":14},"end":{"line":38,"column":20}},{"start":{"line":39,"column":14},"end":{"line":39,"column":20}}]},"4":{"line":40,"type":"switch","locations":[{"start":{"line":42,"column":8},"end":{"line":47,"column":18}},{"start":{"line":49,"column":8},"end":{"line":52,"column":18}}]},"5":{"line":44,"type":"binary-expr","locations":[{"start":{"line":44,"column":16},"end":{"line":44,"column":44}},{"start":{"line":44,"column":48},"end":{"line":44,"column":66}}]},"6":{"line":50,"type":"binary-expr","locations":[{"start":{"line":50,"column":21},"end":{"line":50,"column":49}},{"start":{"line":50,"column":53},"end":{"line":50,"column":72}}]},"7":{"line":64,"type":"switch","locations":[{"start":{"line":69,"column":4},"end":{"line":70,"column":14}},{"start":{"line":75,"column":4},"end":{"line":76,"column":14}}]},"8":{"line":85,"type":"switch","locations":[{"start":{"line":90,"column":4},"end":{"line":105,"column":14}},{"start":{"line":111,"column":4},"end":{"line":193,"column":14},"skip":true}]},"9":{"line":91,"type":"binary-expr","locations":[{"start":{"line":91,"column":42},"end":{"line":91,"column":73}},{"start":{"line":91,"column":77},"end":{"line":99,"column":9}}]},"10":{"line":102,"type":"binary-expr","locations":[{"start":{"line":102,"column":18},"end":{"line":102,"column":32}},{"start":{"line":103,"column":12},"end":{"line":103,"column":53}},{"start":{"line":104,"column":12},"end":{"line":104,"column":61}}]},"11":{"line":112,"type":"binary-expr","locations":[{"start":{"line":112,"column":45},"end":{"line":112,"column":79},"skip":true},{"start":{"line":112,"column":83},"end":{"line":121,"column":9},"skip":true}]},"12":{"line":123,"type":"binary-expr","locations":[{"start":{"line":123,"column":42},"end":{"line":123,"column":73},"skip":true},{"start":{"line":123,"column":77},"end":{"line":136,"column":9},"skip":true}]},"13":{"line":138,"type":"binary-expr","locations":[{"start":{"line":138,"column":48},"end":{"line":138,"column":85},"skip":true},{"start":{"line":139,"column":12},"end":{"line":145,"column":13},"skip":true}]},"14":{"line":147,"type":"binary-expr","locations":[{"start":{"line":147,"column":42},"end":{"line":147,"column":73},"skip":true},{"start":{"line":147,"column":77},"end":{"line":156,"column":9},"skip":true}]},"15":{"line":158,"type":"binary-expr","locations":[{"start":{"line":158,"column":45},"end":{"line":158,"column":79},"skip":true},{"start":{"line":158,"column":83},"end":{"line":167,"column":9},"skip":true}]},"16":{"line":169,"type":"binary-expr","locations":[{"start":{"line":169,"column":43},"end":{"line":169,"column":75},"skip":true},{"start":{"line":169,"column":79},"end":{"line":178,"column":9},"skip":true}]},"17":{"line":180,"type":"binary-expr","locations":[{"start":{"line":180,"column":41},"end":{"line":180,"column":71},"skip":true},{"start":{"line":180,"column":75},"end":{"line":189,"column":9},"skip":true}]}},"code":["/* istanbul instrument in package npmtest_onvif */","/*jslint","    bitwise: true,","    browser: true,","    maxerr: 8,","    maxlen: 96,","    node: true,","    nomen: true,","    regexp: true,","    stupid: true","*/","(function () {","    'use strict';","    var local;","","","","    // run shared js-env code - pre-init","    (function () {","        // init local","        local = {};","        // init modeJs","        local.modeJs = (function () {","            try {","                return typeof navigator.userAgent === 'string' &&","                    typeof document.querySelector('body') === 'object' &&","                    typeof XMLHttpRequest.prototype.open === 'function' &&","                    'browser';","            } catch (errorCaughtBrowser) {","                return module.exports &&","                    typeof process.versions.node === 'string' &&","                    typeof require('http').createServer === 'function' &&","                    'node';","            }","        }());","        // init global","        local.global = local.modeJs === 'browser'","            ? window","            : global;","        switch (local.modeJs) {","        // re-init local from window.local","        case 'browser':","            local = local.global.utility2.objectSetDefault(","                local.global.utility2_rollup || local.global.local,","                local.global.utility2","            );","            break;","        // re-init local from example.js","        case 'node':","            local = (local.global.utility2_rollup || require('utility2'))","                .requireReadme();","            break;","        }","        // export local","        local.global.local = local;","    }());","","","","    // run shared js-env code - function","    (function () {","        return;","    }());","    switch (local.modeJs) {","","","","    // run browser js-env code - function","    case 'browser':","        break;","","","","    // run node js-env code - function","    case 'node':","        break;","    }","","","","    // run shared js-env code - post-init","    (function () {","        return;","    }());","    switch (local.modeJs) {","","","","    // run browser js-env code - post-init","    case 'browser':","        local.testCase_browser_nullCase = local.testCase_browser_nullCase || function (","            options,","            onError","        ) {","        /*","         * this function will test browsers's null-case handling-behavior-behavior","         */","            onError(null, options);","        };","","        // run tests","        local.nop(local.modeTest &&","            document.querySelector('#testRunButton1') &&","            document.querySelector('#testRunButton1').click());","        break;","","","","    // run node js-env code - post-init","    /* istanbul ignore next */","    case 'node':","        local.testCase_buildApidoc_default = local.testCase_buildApidoc_default || function (","            options,","            onError","        ) {","        /*","         * this function will test buildApidoc's default handling-behavior-behavior","         */","            options = { modulePathList: module.paths };","            local.buildApidoc(options, onError);","        };","","        local.testCase_buildApp_default = local.testCase_buildApp_default || function (","            options,","            onError","        ) {","        /*","         * this function will test buildApp's default handling-behavior-behavior","         */","            local.testCase_buildReadme_default(options, local.onErrorThrow);","            local.testCase_buildLib_default(options, local.onErrorThrow);","            local.testCase_buildTest_default(options, local.onErrorThrow);","            local.testCase_buildCustomOrg_default(options, local.onErrorThrow);","            options = [];","            local.buildApp(options, onError);","        };","","        local.testCase_buildCustomOrg_default = local.testCase_buildCustomOrg_default ||","            function (options, onError) {","            /*","             * this function will test buildCustomOrg's default handling-behavior","             */","                options = {};","                local.buildCustomOrg(options, onError);","            };","","        local.testCase_buildLib_default = local.testCase_buildLib_default || function (","            options,","            onError","        ) {","        /*","         * this function will test buildLib's default handling-behavior","         */","            options = {};","            local.buildLib(options, onError);","        };","","        local.testCase_buildReadme_default = local.testCase_buildReadme_default || function (","            options,","            onError","        ) {","        /*","         * this function will test buildReadme's default handling-behavior-behavior","         */","            options = {};","            local.buildReadme(options, onError);","        };","","        local.testCase_buildTest_default = local.testCase_buildTest_default || function (","            options,","            onError","        ) {","        /*","         * this function will test buildTest's default handling-behavior","         */","            options = {};","            local.buildTest(options, onError);","        };","","        local.testCase_webpage_default = local.testCase_webpage_default || function (","            options,","            onError","        ) {","        /*","         * this function will test webpage's default handling-behavior","         */","            options = { modeCoverageMerge: true, url: local.serverLocalHost + '?modeTest=1' };","            local.browserTest(options, onError);","        };","","        // run test-server","        local.testRunServer(local);","        break;","    }","}());",""],"l":{"12":2,"14":2,"19":2,"21":2,"23":2,"24":2,"25":2,"30":1,"37":2,"40":2,"43":1,"47":1,"50":1,"52":1,"55":2,"61":2,"62":2,"64":2,"70":1,"76":1,"82":2,"83":2,"85":2,"91":1,"98":1,"102":1,"105":1,"112":1,"119":1,"120":1,"123":1,"130":1,"131":1,"132":1,"133":1,"134":1,"135":1,"138":1,"143":2,"144":2,"147":1,"154":2,"155":2,"158":1,"165":2,"166":2,"169":1,"176":2,"177":2,"180":1,"187":1,"188":1,"192":1,"193":1}},"/home/travis/build/npmtest/node-npmtest-onvif/lib.npmtest_onvif.js":{"path":"/home/travis/build/npmtest/node-npmtest-onvif/lib.npmtest_onvif.js","s":{"1":2,"2":2,"3":2,"4":2,"5":2,"6":2,"7":2,"8":1,"9":2,"10":2,"11":2,"12":2,"13":1,"14":1,"15":1,"16":1},"b":{"1":[2,1,1,1],"2":[1,1,1,1],"3":[1,1],"4":[2,2],"5":[1,1]},"f":{"1":2,"2":2,"3":2},"fnMap":{"1":{"name":"(anonymous_1)","line":12,"loc":{"start":{"line":12,"column":1},"end":{"line":12,"column":13}}},"2":{"name":"(anonymous_2)","line":19,"loc":{"start":{"line":19,"column":5},"end":{"line":19,"column":17}}},"3":{"name":"(anonymous_3)","line":23,"loc":{"start":{"line":23,"column":24},"end":{"line":23,"column":36}}}},"statementMap":{"1":{"start":{"line":12,"column":0},"end":{"line":53,"column":5}},"2":{"start":{"line":14,"column":4},"end":{"line":14,"column":14}},"3":{"start":{"line":19,"column":4},"end":{"line":52,"column":9}},"4":{"start":{"line":21,"column":8},"end":{"line":21,"column":19}},"5":{"start":{"line":23,"column":8},"end":{"line":35,"column":13}},"6":{"start":{"line":24,"column":12},"end":{"line":34,"column":13}},"7":{"start":{"line":25,"column":16},"end":{"line":28,"column":30}},"8":{"start":{"line":30,"column":16},"end":{"line":33,"column":27}},"9":{"start":{"line":37,"column":8},"end":{"line":39,"column":21}},"10":{"start":{"line":41,"column":8},"end":{"line":41,"column":54}},"11":{"start":{"line":43,"column":8},"end":{"line":43,"column":50}},"12":{"start":{"line":45,"column":8},"end":{"line":51,"column":9}},"13":{"start":{"line":46,"column":12},"end":{"line":46,"column":56}},"14":{"start":{"line":48,"column":12},"end":{"line":48,"column":35}},"15":{"start":{"line":49,"column":12},"end":{"line":49,"column":49}},"16":{"start":{"line":50,"column":12},"end":{"line":50,"column":43}}},"branchMap":{"1":{"line":25,"type":"binary-expr","locations":[{"start":{"line":25,"column":23},"end":{"line":25,"column":62}},{"start":{"line":26,"column":20},"end":{"line":26,"column":70}},{"start":{"line":27,"column":20},"end":{"line":27,"column":71}},{"start":{"line":28,"column":20},"end":{"line":28,"column":29}}]},"2":{"line":30,"type":"binary-expr","locations":[{"start":{"line":30,"column":23},"end":{"line":30,"column":37}},{"start":{"line":31,"column":20},"end":{"line":31,"column":61}},{"start":{"line":32,"column":20},"end":{"line":32,"column":70}},{"start":{"line":33,"column":20},"end":{"line":33,"column":26}}]},"3":{"line":37,"type":"cond-expr","locations":[{"start":{"line":38,"column":14},"end":{"line":38,"column":20}},{"start":{"line":39,"column":14},"end":{"line":39,"column":20}}]},"4":{"line":41,"type":"binary-expr","locations":[{"start":{"line":41,"column":16},"end":{"line":41,"column":44}},{"start":{"line":41,"column":48},"end":{"line":41,"column":53}}]},"5":{"line":45,"type":"if","locations":[{"start":{"line":45,"column":8},"end":{"line":45,"column":8}},{"start":{"line":45,"column":8},"end":{"line":45,"column":8}}]}},"code":["/* istanbul instrument in package npmtest_onvif */","/*jslint","    bitwise: true,","    browser: true,","    maxerr: 8,","    maxlen: 96,","    node: true,","    nomen: true,","    regexp: true,","    stupid: true","*/","(function () {","    'use strict';","    var local;","","","","    // run shared js-env code - pre-init","    (function () {","        // init local","        local = {};","        // init modeJs","        local.modeJs = (function () {","            try {","                return typeof navigator.userAgent === 'string' &&","                    typeof document.querySelector('body') === 'object' &&","                    typeof XMLHttpRequest.prototype.open === 'function' &&","                    'browser';","            } catch (errorCaughtBrowser) {","                return module.exports &&","                    typeof process.versions.node === 'string' &&","                    typeof require('http').createServer === 'function' &&","                    'node';","            }","        }());","        // init global","        local.global = local.modeJs === 'browser'","            ? window","            : global;","        // init utility2_rollup","        local = local.global.utility2_rollup || local;","        // init lib","        local.local = local.npmtest_onvif = local;","        // init exports","        if (local.modeJs === 'browser') {","            local.global.utility2_npmtest_onvif = local;","        } else {","            module.exports = local;","            module.exports.__dirname = __dirname;","            module.exports.module = module;","        }","    }());","}());",""],"l":{"12":2,"14":2,"19":2,"21":2,"23":2,"24":2,"25":2,"30":1,"37":2,"41":2,"43":2,"45":2,"46":1,"48":1,"49":1,"50":1}},"/home/travis/build/npmtest/node-npmtest-onvif/example.js":{"path":"/home/travis/build/npmtest/node-npmtest-onvif/example.js","s":{"1":2,"2":2,"3":2,"4":2,"5":2,"6":2,"7":2,"8":1,"9":2,"10":2,"11":2,"12":2,"13":1,"14":2,"15":2,"16":2,"17":2,"18":2,"19":0,"20":2,"21":1,"22":1,"23":1,"24":1,"25":1,"26":0,"27":0,"28":1,"29":1,"30":2,"31":0,"32":0,"33":0,"34":1,"35":2,"36":2,"37":3,"38":3,"39":3,"40":3,"41":0,"42":3,"43":3,"44":3,"45":1,"46":3,"47":1,"48":1,"49":1,"50":1,"51":1,"52":1,"53":1,"54":1,"55":1,"56":1,"57":0,"58":1,"59":6,"60":6,"61":1,"62":2,"63":0,"64":2,"65":1,"66":1,"67":0,"68":0,"69":0,"70":0,"71":0,"72":0,"73":0,"74":0,"75":0,"76":0,"77":0,"78":0,"79":0,"80":0,"81":0,"82":0,"83":0},"b":{"1":[2,1,1,1],"2":[1,1,1,1],"3":[1,1],"4":[2,2],"5":[1,1],"6":[1,1],"7":[2,0],"8":[2,1,1,1,1,1],"9":[0,2,0],"10":[1,1],"11":[2,1,1],"12":[1,0],"13":[0,2],"14":[2,0,0,0,0,0,0],"15":[0,3],"16":[3,0],"17":[1,1],"18":[0,1],"19":[1,2,0,2],"20":[1,0],"21":[1,1],"22":[0,0],"23":[0,0],"24":[0,0],"25":[0,0],"26":[0,0],"27":[0,0],"28":[0,0]},"f":{"1":2,"2":2,"3":2,"4":2,"5":2,"6":2,"7":3,"8":3,"9":3,"10":1,"11":6,"12":0},"fnMap":{"1":{"name":"(anonymous_1)","line":26,"loc":{"start":{"line":26,"column":1},"end":{"line":26,"column":13}}},"2":{"name":"(anonymous_2)","line":33,"loc":{"start":{"line":33,"column":5},"end":{"line":33,"column":17}}},"3":{"name":"(anonymous_3)","line":37,"loc":{"start":{"line":37,"column":24},"end":{"line":37,"column":36}}},"4":{"name":"(anonymous_4)","line":69,"loc":{"start":{"line":69,"column":31},"end":{"line":69,"column":48}},"skip":true},"5":{"name":"(anonymous_5)","line":78,"loc":{"start":{"line":78,"column":26},"end":{"line":78,"column":45}},"skip":true},"6":{"name":"(anonymous_6)","line":123,"loc":{"start":{"line":123,"column":33},"end":{"line":123,"column":48}},"skip":true},"7":{"name":"(anonymous_7)","line":125,"loc":{"start":{"line":125,"column":27},"end":{"line":125,"column":39}},"skip":true},"8":{"name":"(anonymous_8)","line":133,"loc":{"start":{"line":133,"column":59},"end":{"line":133,"column":74}},"skip":true},"9":{"name":"(anonymous_9)","line":143,"loc":{"start":{"line":143,"column":45},"end":{"line":143,"column":62}},"skip":true},"10":{"name":"(anonymous_10)","line":144,"loc":{"start":{"line":144,"column":73},"end":{"line":144,"column":92}},"skip":true},"11":{"name":"(anonymous_11)","line":272,"loc":{"start":{"line":272,"column":51},"end":{"line":272,"column":77}},"skip":true},"12":{"name":"(anonymous_12)","line":315,"loc":{"start":{"line":315,"column":32},"end":{"line":315,"column":61}},"skip":true}},"statementMap":{"1":{"start":{"line":26,"column":0},"end":{"line":326,"column":5}},"2":{"start":{"line":28,"column":4},"end":{"line":28,"column":14}},"3":{"start":{"line":33,"column":4},"end":{"line":60,"column":9}},"4":{"start":{"line":35,"column":8},"end":{"line":35,"column":19}},"5":{"start":{"line":37,"column":8},"end":{"line":49,"column":13}},"6":{"start":{"line":38,"column":12},"end":{"line":48,"column":13}},"7":{"start":{"line":39,"column":16},"end":{"line":42,"column":30}},"8":{"start":{"line":44,"column":16},"end":{"line":47,"column":27}},"9":{"start":{"line":51,"column":8},"end":{"line":53,"column":21}},"10":{"start":{"line":55,"column":8},"end":{"line":57,"column":45}},"11":{"start":{"line":59,"column":8},"end":{"line":59,"column":35}},"12":{"start":{"line":61,"column":4},"end":{"line":325,"column":5}},"13":{"start":{"line":69,"column":8},"end":{"line":121,"column":10},"skip":true},"14":{"start":{"line":70,"column":12},"end":{"line":88,"column":13},"skip":true},"15":{"start":{"line":76,"column":16},"end":{"line":87,"column":19},"skip":true},"16":{"start":{"line":79,"column":20},"end":{"line":86,"column":21},"skip":true},"17":{"start":{"line":82,"column":24},"end":{"line":82,"column":43},"skip":true},"18":{"start":{"line":83,"column":24},"end":{"line":83,"column":30},"skip":true},"19":{"start":{"line":85,"column":24},"end":{"line":85,"column":49},"skip":true},"20":{"start":{"line":89,"column":12},"end":{"line":107,"column":13},"skip":true},"21":{"start":{"line":92,"column":16},"end":{"line":102,"column":17},"skip":true},"22":{"start":{"line":93,"column":20},"end":{"line":93,"column":86},"skip":true},"23":{"start":{"line":94,"column":20},"end":{"line":95,"column":45},"skip":true},"24":{"start":{"line":96,"column":20},"end":{"line":96,"column":42},"skip":true},"25":{"start":{"line":97,"column":20},"end":{"line":97,"column":48},"skip":true},"26":{"start":{"line":100,"column":20},"end":{"line":100,"column":85},"skip":true},"27":{"start":{"line":101,"column":20},"end":{"line":101,"column":96},"skip":true},"28":{"start":{"line":103,"column":16},"end":{"line":103,"column":22},"skip":true},"29":{"start":{"line":106,"column":16},"end":{"line":106,"column":22},"skip":true},"30":{"start":{"line":108,"column":12},"end":{"line":120,"column":13},"skip":true},"31":{"start":{"line":114,"column":16},"end":{"line":119,"column":17},"skip":true},"32":{"start":{"line":116,"column":20},"end":{"line":116,"column":78},"skip":true},"33":{"start":{"line":118,"column":20},"end":{"line":118,"column":47},"skip":true},"34":{"start":{"line":123,"column":8},"end":{"line":141,"column":11},"skip":true},"35":{"start":{"line":124,"column":12},"end":{"line":124,"column":54},"skip":true},"36":{"start":{"line":125,"column":12},"end":{"line":140,"column":14},"skip":true},"37":{"start":{"line":126,"column":16},"end":{"line":126,"column":28},"skip":true},"38":{"start":{"line":127,"column":16},"end":{"line":127,"column":69},"skip":true},"39":{"start":{"line":128,"column":16},"end":{"line":128,"column":75},"skip":true},"40":{"start":{"line":129,"column":16},"end":{"line":131,"column":17},"skip":true},"41":{"start":{"line":130,"column":20},"end":{"line":130,"column":27},"skip":true},"42":{"start":{"line":133,"column":16},"end":{"line":137,"column":36},"skip":true},"43":{"start":{"line":134,"column":20},"end":{"line":136,"column":55},"skip":true},"44":{"start":{"line":139,"column":16},"end":{"line":139,"column":57},"skip":true},"45":{"start":{"line":143,"column":8},"end":{"line":147,"column":11},"skip":true},"46":{"start":{"line":144,"column":12},"end":{"line":146,"column":15},"skip":true},"47":{"start":{"line":145,"column":16},"end":{"line":145,"column":70},"skip":true},"48":{"start":{"line":149,"column":8},"end":{"line":149,"column":31},"skip":true},"49":{"start":{"line":150,"column":8},"end":{"line":150,"column":14},"skip":true},"50":{"start":{"line":158,"column":8},"end":{"line":158,"column":31},"skip":true},"51":{"start":{"line":160,"column":8},"end":{"line":160,"column":33},"skip":true},"52":{"start":{"line":161,"column":8},"end":{"line":161,"column":37},"skip":true},"53":{"start":{"line":162,"column":8},"end":{"line":162,"column":35},"skip":true},"54":{"start":{"line":164,"column":8},"end":{"line":164,"column":50},"skip":true},"55":{"start":{"line":166,"column":8},"end":{"line":256,"column":2},"skip":true},"56":{"start":{"line":258,"column":8},"end":{"line":286,"column":9},"skip":true},"57":{"start":{"line":259,"column":12},"end":{"line":269,"column":14},"skip":true},"58":{"start":{"line":271,"column":12},"end":{"line":285,"column":19},"skip":true},"59":{"start":{"line":274,"column":20},"end":{"line":274,"column":35},"skip":true},"60":{"start":{"line":275,"column":20},"end":{"line":284,"column":21},"skip":true},"61":{"start":{"line":277,"column":24},"end":{"line":277,"column":64},"skip":true},"62":{"start":{"line":279,"column":24},"end":{"line":279,"column":40},"skip":true},"63":{"start":{"line":281,"column":24},"end":{"line":281,"column":40},"skip":true},"64":{"start":{"line":283,"column":24},"end":{"line":283,"column":39},"skip":true},"65":{"start":{"line":288,"column":8},"end":{"line":290,"column":9},"skip":true},"66":{"start":{"line":289,"column":12},"end":{"line":289,"column":18},"skip":true},"67":{"start":{"line":291,"column":8},"end":{"line":293,"column":54},"skip":true},"68":{"start":{"line":296,"column":8},"end":{"line":301,"column":37},"skip":true},"69":{"start":{"line":303,"column":8},"end":{"line":303,"column":82},"skip":true},"70":{"start":{"line":306,"column":8},"end":{"line":308,"column":9},"skip":true},"71":{"start":{"line":307,"column":12},"end":{"line":307,"column":82},"skip":true},"72":{"start":{"line":310,"column":8},"end":{"line":312,"column":9},"skip":true},"73":{"start":{"line":311,"column":12},"end":{"line":311,"column":18},"skip":true},"74":{"start":{"line":313,"column":8},"end":{"line":313,"column":54},"skip":true},"75":{"start":{"line":314,"column":8},"end":{"line":314,"column":69},"skip":true},"76":{"start":{"line":315,"column":8},"end":{"line":323,"column":36},"skip":true},"77":{"start":{"line":316,"column":12},"end":{"line":316,"column":61},"skip":true},"78":{"start":{"line":317,"column":12},"end":{"line":320,"column":13},"skip":true},"79":{"start":{"line":318,"column":16},"end":{"line":318,"column":75},"skip":true},"80":{"start":{"line":319,"column":16},"end":{"line":319,"column":23},"skip":true},"81":{"start":{"line":321,"column":12},"end":{"line":321,"column":38},"skip":true},"82":{"start":{"line":322,"column":12},"end":{"line":322,"column":27},"skip":true},"83":{"start":{"line":324,"column":8},"end":{"line":324,"column":14},"skip":true}},"branchMap":{"1":{"line":39,"type":"binary-expr","locations":[{"start":{"line":39,"column":23},"end":{"line":39,"column":62}},{"start":{"line":40,"column":20},"end":{"line":40,"column":70}},{"start":{"line":41,"column":20},"end":{"line":41,"column":71}},{"start":{"line":42,"column":20},"end":{"line":42,"column":29}}]},"2":{"line":44,"type":"binary-expr","locations":[{"start":{"line":44,"column":23},"end":{"line":44,"column":37}},{"start":{"line":45,"column":20},"end":{"line":45,"column":61}},{"start":{"line":46,"column":20},"end":{"line":46,"column":70}},{"start":{"line":47,"column":20},"end":{"line":47,"column":26}}]},"3":{"line":51,"type":"cond-expr","locations":[{"start":{"line":52,"column":14},"end":{"line":52,"column":20}},{"start":{"line":53,"column":14},"end":{"line":53,"column":20}}]},"4":{"line":55,"type":"binary-expr","locations":[{"start":{"line":55,"column":16},"end":{"line":55,"column":44}},{"start":{"line":55,"column":49},"end":{"line":57,"column":43}}]},"5":{"line":55,"type":"cond-expr","locations":[{"start":{"line":56,"column":14},"end":{"line":56,"column":49}},{"start":{"line":57,"column":14},"end":{"line":57,"column":43}}]},"6":{"line":61,"type":"switch","locations":[{"start":{"line":68,"column":4},"end":{"line":150,"column":14},"skip":true},{"start":{"line":156,"column":4},"end":{"line":324,"column":14},"skip":true}]},"7":{"line":70,"type":"if","locations":[{"start":{"line":70,"column":12},"end":{"line":70,"column":12},"skip":true},{"start":{"line":70,"column":12},"end":{"line":70,"column":12},"skip":true}]},"8":{"line":70,"type":"binary-expr","locations":[{"start":{"line":70,"column":16},"end":{"line":70,"column":22},"skip":true},{"start":{"line":70,"column":27},"end":{"line":70,"column":32},"skip":true},{"start":{"line":71,"column":20},"end":{"line":71,"column":39},"skip":true},{"start":{"line":72,"column":20},"end":{"line":72,"column":49},"skip":true},{"start":{"line":73,"column":20},"end":{"line":73,"column":58},"skip":true},{"start":{"line":74,"column":20},"end":{"line":74,"column":69},"skip":true}]},"9":{"line":79,"type":"switch","locations":[{"start":{"line":80,"column":20},"end":{"line":80,"column":33},"skip":true},{"start":{"line":81,"column":20},"end":{"line":83,"column":30},"skip":true},{"start":{"line":84,"column":20},"end":{"line":85,"column":49},"skip":true}]},"10":{"line":89,"type":"switch","locations":[{"start":{"line":90,"column":12},"end":{"line":103,"column":22},"skip":true},{"start":{"line":105,"column":12},"end":{"line":106,"column":22},"skip":true}]},"11":{"line":89,"type":"binary-expr","locations":[{"start":{"line":89,"column":20},"end":{"line":89,"column":25},"skip":true},{"start":{"line":89,"column":29},"end":{"line":89,"column":48},"skip":true},{"start":{"line":89,"column":52},"end":{"line":89,"column":74},"skip":true}]},"12":{"line":92,"type":"if","locations":[{"start":{"line":92,"column":16},"end":{"line":92,"column":16},"skip":true},{"start":{"line":92,"column":16},"end":{"line":92,"column":16},"skip":true}]},"13":{"line":108,"type":"if","locations":[{"start":{"line":108,"column":12},"end":{"line":108,"column":12},"skip":true},{"start":{"line":108,"column":12},"end":{"line":108,"column":12},"skip":true}]},"14":{"line":108,"type":"binary-expr","locations":[{"start":{"line":108,"column":16},"end":{"line":108,"column":61},"skip":true},{"start":{"line":108,"column":66},"end":{"line":108,"column":72},"skip":true},{"start":{"line":108,"column":77},"end":{"line":108,"column":82},"skip":true},{"start":{"line":109,"column":20},"end":{"line":109,"column":39},"skip":true},{"start":{"line":110,"column":20},"end":{"line":110,"column":49},"skip":true},{"start":{"line":111,"column":20},"end":{"line":111,"column":58},"skip":true},{"start":{"line":112,"column":20},"end":{"line":112,"column":68},"skip":true}]},"15":{"line":129,"type":"if","locations":[{"start":{"line":129,"column":16},"end":{"line":129,"column":16},"skip":true},{"start":{"line":129,"column":16},"end":{"line":129,"column":16},"skip":true}]},"16":{"line":134,"type":"cond-expr","locations":[{"start":{"line":135,"column":26},"end":{"line":135,"column":29},"skip":true},{"start":{"line":136,"column":26},"end":{"line":136,"column":54},"skip":true}]},"17":{"line":164,"type":"binary-expr","locations":[{"start":{"line":164,"column":27},"end":{"line":164,"column":43},"skip":true},{"start":{"line":164,"column":47},"end":{"line":164,"column":49},"skip":true}]},"18":{"line":258,"type":"if","locations":[{"start":{"line":258,"column":8},"end":{"line":258,"column":8},"skip":true},{"start":{"line":258,"column":8},"end":{"line":258,"column":8},"skip":true}]},"19":{"line":275,"type":"switch","locations":[{"start":{"line":276,"column":20},"end":{"line":277,"column":64},"skip":true},{"start":{"line":278,"column":20},"end":{"line":279,"column":40},"skip":true},{"start":{"line":280,"column":20},"end":{"line":281,"column":40},"skip":true},{"start":{"line":282,"column":20},"end":{"line":283,"column":39},"skip":true}]},"20":{"line":288,"type":"if","locations":[{"start":{"line":288,"column":8},"end":{"line":288,"column":8},"skip":true},{"start":{"line":288,"column":8},"end":{"line":288,"column":8},"skip":true}]},"21":{"line":288,"type":"binary-expr","locations":[{"start":{"line":288,"column":12},"end":{"line":288,"column":40},"skip":true},{"start":{"line":288,"column":44},"end":{"line":288,"column":67},"skip":true}]},"22":{"line":292,"type":"binary-expr","locations":[{"start":{"line":292,"column":12},"end":{"line":292,"column":50},"skip":true},{"start":{"line":293,"column":12},"end":{"line":293,"column":53},"skip":true}]},"23":{"line":297,"type":"binary-expr","locations":[{"start":{"line":297,"column":12},"end":{"line":297,"column":63},"skip":true},{"start":{"line":298,"column":12},"end":{"line":301,"column":36},"skip":true}]},"24":{"line":303,"type":"binary-expr","locations":[{"start":{"line":303,"column":43},"end":{"line":303,"column":75},"skip":true},{"start":{"line":303,"column":79},"end":{"line":303,"column":81},"skip":true}]},"25":{"line":306,"type":"if","locations":[{"start":{"line":306,"column":8},"end":{"line":306,"column":8},"skip":true},{"start":{"line":306,"column":8},"end":{"line":306,"column":8},"skip":true}]},"26":{"line":310,"type":"if","locations":[{"start":{"line":310,"column":8},"end":{"line":310,"column":8},"skip":true},{"start":{"line":310,"column":8},"end":{"line":310,"column":8},"skip":true}]},"27":{"line":313,"type":"binary-expr","locations":[{"start":{"line":313,"column":27},"end":{"line":313,"column":43},"skip":true},{"start":{"line":313,"column":47},"end":{"line":313,"column":53},"skip":true}]},"28":{"line":317,"type":"if","locations":[{"start":{"line":317,"column":12},"end":{"line":317,"column":12},"skip":true},{"start":{"line":317,"column":12},"end":{"line":317,"column":12},"skip":true}]}},"code":["/*","example.js","","quickstart example","","instruction","    1. save this script as example.js","    2. run the shell command:","        $ npm install npmtest-onvif && PORT=8081 node example.js","    3. play with the browser-demo on http://127.0.0.1:8081","*/","","","","/* istanbul instrument in package npmtest_onvif */","/*jslint","    bitwise: true,","    browser: true,","    maxerr: 8,","    maxlen: 96,","    node: true,","    nomen: true,","    regexp: true,","    stupid: true","*/","(function () {","    'use strict';","    var local;","","","","    // run shared js-env code - pre-init","    (function () {","        // init local","        local = {};","        // init modeJs","        local.modeJs = (function () {","            try {","                return typeof navigator.userAgent === 'string' &&","                    typeof document.querySelector('body') === 'object' &&","                    typeof XMLHttpRequest.prototype.open === 'function' &&","                    'browser';","            } catch (errorCaughtBrowser) {","                return module.exports &&","                    typeof process.versions.node === 'string' &&","                    typeof require('http').createServer === 'function' &&","                    'node';","            }","        }());","        // init global","        local.global = local.modeJs === 'browser'","            ? window","            : global;","        // init utility2_rollup","        local = local.global.utility2_rollup || (local.modeJs === 'browser'","            ? local.global.utility2_npmtest_onvif","            : global.utility2_moduleExports);","        // export local","        local.global.local = local;","    }());","    switch (local.modeJs) {","","","","    // post-init","    // run browser js-env code - post-init","    /* istanbul ignore next */","    case 'browser':","        local.testRunBrowser = function (event) {","            if (!event || (event &&","                    event.currentTarget &&","                    event.currentTarget.className &&","                    event.currentTarget.className.includes &&","                    event.currentTarget.className.includes('onreset'))) {","                // reset output","                Array.from(","                    document.querySelectorAll('body > .resettable')","                ).forEach(function (element) {","                    switch (element.tagName) {","                    case 'INPUT':","                    case 'TEXTAREA':","                        element.value = '';","                        break;","                    default:","                        element.textContent = '';","                    }","                });","            }","            switch (event && event.currentTarget && event.currentTarget.id) {","            case 'testRunButton1':","                // show tests","                if (document.querySelector('#testReportDiv1').style.display === 'none') {","                    document.querySelector('#testReportDiv1').style.display = 'block';","                    document.querySelector('#testRunButton1').textContent =","                        'hide internal test';","                    local.modeTest = true;","                    local.testRunDefault(local);","                // hide tests","                } else {","                    document.querySelector('#testReportDiv1').style.display = 'none';","                    document.querySelector('#testRunButton1').textContent = 'run internal test';","                }","                break;","            // custom-case","            default:","                break;","            }","            if (document.querySelector('#inputTextareaEval1') && (!event || (event &&","                    event.currentTarget &&","                    event.currentTarget.className &&","                    event.currentTarget.className.includes &&","                    event.currentTarget.className.includes('oneval')))) {","                // try to eval input-code","                try {","                    /*jslint evil: true*/","                    eval(document.querySelector('#inputTextareaEval1').value);","                } catch (errorCaught) {","                    console.error(errorCaught);","                }","            }","        };","        // log stderr and stdout to #outputTextareaStdout1","        ['error', 'log'].forEach(function (key) {","            console[key + '_original'] = console[key];","            console[key] = function () {","                var element;","                console[key + '_original'].apply(console, arguments);","                element = document.querySelector('#outputTextareaStdout1');","                if (!element) {","                    return;","                }","                // append text to #outputTextareaStdout1","                element.value += Array.from(arguments).map(function (arg) {","                    return typeof arg === 'string'","                        ? arg","                        : JSON.stringify(arg, null, 4);","                }).join(' ') + '\\n';","                // scroll textarea to bottom","                element.scrollTop = element.scrollHeight;","            };","        });","        // init event-handling","        ['change', 'click', 'keyup'].forEach(function (event) {","            Array.from(document.querySelectorAll('.on' + event)).forEach(function (element) {","                element.addEventListener(event, local.testRunBrowser);","            });","        });","        // run tests","        local.testRunBrowser();","        break;","","","","    // run node js-env code - post-init","    /* istanbul ignore next */","    case 'node':","        // export local","        module.exports = local;","        // require modules","        local.fs = require('fs');","        local.http = require('http');","        local.url = require('url');","        // init assets","        local.assetsDict = local.assetsDict || {};","        /* jslint-ignore-begin */","        local.assetsDict['/assets.index.template.html'] = '\\","<!doctype html>\\n\\","<html lang=\"en\">\\n\\","<head>\\n\\","<meta charset=\"UTF-8\">\\n\\","<meta name=\"viewport\" content=\"width=device-width, initial-scale=1\">\\n\\","<title>{{env.npm_package_name}} (v{{env.npm_package_version}})</title>\\n\\","<style>\\n\\","/*csslint\\n\\","    box-sizing: false,\\n\\","    universal-selector: false\\n\\","*/\\n\\","* {\\n\\","    box-sizing: border-box;\\n\\","}\\n\\","body {\\n\\","    background: #dde;\\n\\","    font-family: Arial, Helvetica, sans-serif;\\n\\","    margin: 2rem;\\n\\","}\\n\\","body > * {\\n\\","    margin-bottom: 1rem;\\n\\","}\\n\\",".utility2FooterDiv {\\n\\","    margin-top: 20px;\\n\\","    text-align: center;\\n\\","}\\n\\","</style>\\n\\","<style>\\n\\","/*csslint\\n\\","*/\\n\\","textarea {\\n\\","    font-family: monospace;\\n\\","    height: 10rem;\\n\\","    width: 100%;\\n\\","}\\n\\","textarea[readonly] {\\n\\","    background: #ddd;\\n\\","}\\n\\","</style>\\n\\","</head>\\n\\","<body>\\n\\","<!-- utility2-comment\\n\\","<div id=\"ajaxProgressDiv1\" style=\"background: #d00; height: 2px; left: 0; margin: 0; padding: 0; position: fixed; top: 0; transition: background 0.5s, width 1.5s; width: 25%;\"></div>\\n\\","utility2-comment -->\\n\\","<h1>\\n\\","<!-- utility2-comment\\n\\","    <a\\n\\","        {{#if env.npm_package_homepage}}\\n\\","        href=\"{{env.npm_package_homepage}}\"\\n\\","        {{/if env.npm_package_homepage}}\\n\\","        target=\"_blank\"\\n\\","    >\\n\\","utility2-comment -->\\n\\","        {{env.npm_package_name}} (v{{env.npm_package_version}})\\n\\","<!-- utility2-comment\\n\\","    </a>\\n\\","utility2-comment -->\\n\\","</h1>\\n\\","<h3>{{env.npm_package_description}}</h3>\\n\\","<!-- utility2-comment\\n\\","<h4><a download href=\"assets.app.js\">download standalone app</a></h4>\\n\\","<button class=\"onclick onreset\" id=\"testRunButton1\">run internal test</button><br>\\n\\","<div id=\"testReportDiv1\" style=\"display: none;\"></div>\\n\\","utility2-comment -->\\n\\","\\n\\","\\n\\","\\n\\","<label>stderr and stdout</label>\\n\\","<textarea class=\"resettable\" id=\"outputTextareaStdout1\" readonly></textarea>\\n\\","<!-- utility2-comment\\n\\","{{#if isRollup}}\\n\\","<script src=\"assets.app.js\"></script>\\n\\","{{#unless isRollup}}\\n\\","utility2-comment -->\\n\\","<script src=\"assets.utility2.rollup.js\"></script>\\n\\","<script src=\"jsonp.utility2._stateInit?callback=window.utility2._stateInit\"></script>\\n\\","<script src=\"assets.npmtest_onvif.rollup.js\"></script>\\n\\","<script src=\"assets.example.js\"></script>\\n\\","<script src=\"assets.test.js\"></script>\\n\\","<!-- utility2-comment\\n\\","{{/if isRollup}}\\n\\","utility2-comment -->\\n\\","<div class=\"utility2FooterDiv\">\\n\\","    [ this app was created with\\n\\","    <a href=\"https://github.com/kaizhu256/node-utility2\" target=\"_blank\">utility2</a>\\n\\","    ]\\n\\","</div>\\n\\","</body>\\n\\","</html>\\n\\","';","        /* jslint-ignore-end */","        if (local.templateRender) {","            local.assetsDict['/'] = local.templateRender(","                local.assetsDict['/assets.index.template.html'],","                {","                    env: local.objectSetDefault(local.env, {","                        npm_package_description: 'the greatest app in the world!',","                        npm_package_name: 'my-app',","                        npm_package_nameAlias: 'my_app',","                        npm_package_version: '0.0.1'","                    })","                }","            );","        } else {","            local.assetsDict['/'] = local.assetsDict['/assets.index.template.html']","                .replace((/\\{\\{env\\.(\\w+?)\\}\\}/g), function (match0, match1) {","                    // jslint-hack","                    String(match0);","                    switch (match1) {","                    case 'npm_package_description':","                        return 'the greatest app in the world!';","                    case 'npm_package_name':","                        return 'my-app';","                    case 'npm_package_nameAlias':","                        return 'my_app';","                    case 'npm_package_version':","                        return '0.0.1';","                    }","                });","        }","        // run the cli","        if (local.global.utility2_rollup || module !== require.main) {","            break;","        }","        local.assetsDict['/assets.example.js'] =","            local.assetsDict['/assets.example.js'] ||","            local.fs.readFileSync(__filename, 'utf8');","        // bug-workaround - long $npm_package_buildCustomOrg","        /* jslint-ignore-begin */","        local.assetsDict['/assets.npmtest_onvif.rollup.js'] =","            local.assetsDict['/assets.npmtest_onvif.rollup.js'] ||","            local.fs.readFileSync(","                local.npmtest_onvif.__dirname + '/lib.npmtest_onvif.js',","                'utf8'","            ).replace((/^#!/), '//');","        /* jslint-ignore-end */","        local.assetsDict['/favicon.ico'] = local.assetsDict['/favicon.ico'] || '';","        // if $npm_config_timeout_exit exists,","        // then exit this process after $npm_config_timeout_exit ms","        if (Number(process.env.npm_config_timeout_exit)) {","            setTimeout(process.exit, Number(process.env.npm_config_timeout_exit));","        }","        // start server","        if (local.global.utility2_serverHttp1) {","            break;","        }","        process.env.PORT = process.env.PORT || '8081';","        console.error('server starting on port ' + process.env.PORT);","        local.http.createServer(function (request, response) {","            request.urlParsed = local.url.parse(request.url);","            if (local.assetsDict[request.urlParsed.pathname] !== undefined) {","                response.end(local.assetsDict[request.urlParsed.pathname]);","                return;","            }","            response.statusCode = 404;","            response.end();","        }).listen(process.env.PORT);","        break;","    }","}());",""],"l":{"26":2,"28":2,"33":2,"35":2,"37":2,"38":2,"39":2,"44":1,"51":2,"55":2,"59":2,"61":2,"69":1,"70":2,"76":2,"79":2,"82":2,"83":2,"85":1,"89":2,"92":1,"93":1,"94":1,"96":1,"97":1,"100":1,"101":1,"103":1,"106":1,"108":2,"114":1,"116":1,"118":1,"123":1,"124":2,"125":2,"126":3,"127":3,"128":3,"129":3,"130":1,"133":3,"134":3,"139":3,"143":1,"144":3,"145":1,"149":1,"150":1,"158":1,"160":1,"161":1,"162":1,"164":1,"166":1,"258":1,"259":1,"271":1,"274":6,"275":6,"277":1,"279":2,"281":1,"283":2,"288":1,"289":1,"291":1,"296":1,"303":1,"306":1,"307":1,"310":1,"311":1,"313":1,"314":1,"315":1,"316":1,"317":1,"318":1,"319":1,"321":1,"322":1,"324":1}},"/home/travis/build/npmtest/node-npmtest-onvif/node_modules/onvif/lib/onvif.js":{"path":"/home/travis/build/npmtest/node-npmtest-onvif/node_modules/onvif/lib/onvif.js","s":{"1":1},"b":{},"f":{},"fnMap":{},"statementMap":{"1":{"start":{"line":7,"column":0},"end":{"line":10,"column":2}}},"branchMap":{},"code":["/**"," * @description Common module for ONVIF library"," * @author Andrew D.Laptev <a.d.laptev@gmail.com>"," * @licence MIT"," */","","module.exports = {","\tCam: require('./cam').Cam","\t, Discovery: require('./discovery').Discovery","};"],"l":{"7":1}},"/home/travis/build/npmtest/node-npmtest-onvif/node_modules/onvif/lib/cam.js":{"path":"/home/travis/build/npmtest/node-npmtest-onvif/node_modules/onvif/lib/cam.js","s":{"1":1,"2":1,"3":0,"4":0,"5":0,"6":0,"7":0,"8":0,"9":0,"10":0,"11":0,"12":0,"13":0,"14":1,"15":1,"16":0,"17":0,"18":0,"19":0,"20":0,"21":0,"22":0,"23":0,"24":0,"25":0,"26":0,"27":0,"28":0,"29":0,"30":0,"31":0,"32":0,"33":0,"34":0,"35":0,"36":0,"37":0,"38":0,"39":0,"40":0,"41":0,"42":0,"43":1,"44":0,"45":0,"46":0,"47":0,"48":0,"49":0,"50":0,"51":0,"52":0,"53":0,"54":0,"55":0,"56":0,"57":0,"58":0,"59":0,"60":0,"61":0,"62":0,"63":0,"64":0,"65":0,"66":0,"67":0,"68":0,"69":0,"70":0,"71":0,"72":0,"73":0,"74":0,"75":0,"76":0,"77":0,"78":1,"79":0,"80":0,"81":0,"82":0,"83":0,"84":0,"85":1,"86":0,"87":0,"88":0,"89":0,"90":0,"91":0,"92":1,"93":0,"94":0,"95":0,"96":0,"97":0,"98":0,"99":0,"100":0,"101":0,"102":0,"103":0,"104":0,"105":0,"106":0,"107":0,"108":0,"109":0,"110":0,"111":1,"112":0,"113":0,"114":0,"115":0,"116":0,"117":0,"118":0,"119":0,"120":1,"121":0,"122":0,"123":0,"124":0,"125":0,"126":0,"127":0,"128":0,"129":0,"130":0,"131":0,"132":0,"133":0,"134":0,"135":0,"136":0,"137":0,"138":0,"139":0,"140":1,"141":0,"142":0,"143":0,"144":0,"145":0,"146":1,"147":0,"148":0,"149":0,"150":0,"151":0,"152":1,"153":0,"154":0,"155":0,"156":1,"157":0,"158":0,"159":0,"160":0,"161":0,"162":0,"163":0,"164":0,"165":0,"166":1,"167":0,"168":0,"169":0,"170":0,"171":0,"172":1,"173":0,"174":0,"175":0,"176":0,"177":1,"178":0,"179":0,"180":0,"181":0,"182":0,"183":0,"184":0,"185":0,"186":0,"187":0,"188":1,"189":0,"190":0,"191":0,"192":0,"193":0,"194":0,"195":0,"196":1,"197":0,"198":1,"199":0,"200":0,"201":0,"202":0,"203":0,"204":0,"205":0,"206":1,"207":1,"208":1,"209":1,"210":1,"211":1,"212":1,"213":1},"b":{"1":[0,0],"2":[0,0],"3":[0,0],"4":[0,0],"5":[0,0],"6":[0,0],"7":[0,0],"8":[0,0],"9":[0,0,0],"10":[0,0],"11":[0,0],"12":[0,0],"13":[0,0],"14":[0,0],"15":[0,0],"16":[0,0],"17":[0,0],"18":[0,0],"19":[0,0],"20":[0,0],"21":[0,0],"22":[0,0],"23":[0,0],"24":[0,0,0],"25":[0,0],"26":[0,0,0],"27":[0,0],"28":[0,0],"29":[0,0],"30":[0,0],"31":[0,0],"32":[0,0],"33":[0,0],"34":[0,0],"35":[0,0],"36":[0,0],"37":[0,0],"38":[0,0],"39":[0,0],"40":[0,0],"41":[0,0],"42":[0,0],"43":[0,0],"44":[0,0],"45":[0,0],"46":[0,0],"47":[0,0],"48":[0,0],"49":[0,0],"50":[0,0],"51":[0,0],"52":[0,0],"53":[0,0],"54":[0,0],"55":[0,0],"56":[0,0],"57":[0,0],"58":[0,0],"59":[0,0],"60":[0,0],"61":[0,0],"62":[0,0],"63":[0,0],"64":[0,0],"65":[0,0],"66":[0,0],"67":[0,0],"68":[0,0],"69":[0,0],"70":[0,0],"71":[0,0],"72":[0,0],"73":[0,0],"74":[0,0],"75":[0,0],"76":[0,0]},"f":{"1":0,"2":0,"3":0,"4":0,"5":0,"6":0,"7":0,"8":0,"9":0,"10":0,"11":0,"12":0,"13":0,"14":0,"15":0,"16":0,"17":0,"18":0,"19":0,"20":0,"21":0,"22":0,"23":0,"24":0,"25":0,"26":0,"27":0,"28":0,"29":0,"30":0,"31":0,"32":0,"33":0,"34":0,"35":0,"36":0,"37":0,"38":0,"39":0,"40":0,"41":0,"42":0,"43":0,"44":0},"fnMap":{"1":{"name":"(anonymous_1)","line":15,"loc":{"start":{"line":15,"column":13},"end":{"line":15,"column":24}}},"2":{"name":"(anonymous_2)","line":69,"loc":{"start":{"line":69,"column":10},"end":{"line":69,"column":38}}},"3":{"name":"(anonymous_3)","line":84,"loc":{"start":{"line":84,"column":14},"end":{"line":84,"column":25}}},"4":{"name":"(anonymous_4)","line":96,"loc":{"start":{"line":96,"column":24},"end":{"line":96,"column":43}}},"5":{"name":"(anonymous_5)","line":102,"loc":{"start":{"line":102,"column":27},"end":{"line":102,"column":52}}},"6":{"name":"(anonymous_6)","line":106,"loc":{"start":{"line":106,"column":23},"end":{"line":106,"column":48}}},"7":{"name":"(anonymous_7)","line":122,"loc":{"start":{"line":122,"column":30},"end":{"line":122,"column":44}}},"8":{"name":"(anonymous_8)","line":123,"loc":{"start":{"line":123,"column":21},"end":{"line":123,"column":35}}},"9":{"name":"(anonymous_9)","line":168,"loc":{"start":{"line":168,"column":25},"end":{"line":168,"column":53}}},"10":{"name":"(anonymous_10)","line":185,"loc":{"start":{"line":185,"column":36},"end":{"line":185,"column":50}}},"11":{"name":"(anonymous_11)","line":187,"loc":{"start":{"line":187,"column":17},"end":{"line":187,"column":33}}},"12":{"name":"(anonymous_12)","line":191,"loc":{"start":{"line":191,"column":16},"end":{"line":191,"column":27}}},"13":{"name":"(anonymous_13)","line":207,"loc":{"start":{"line":207,"column":30},"end":{"line":207,"column":41}}},"14":{"name":"(anonymous_14)","line":214,"loc":{"start":{"line":214,"column":17},"end":{"line":214,"column":31}}},"15":{"name":"(anonymous_15)","line":245,"loc":{"start":{"line":245,"column":37},"end":{"line":245,"column":56}}},"16":{"name":"(anonymous_16)","line":253,"loc":{"start":{"line":253,"column":4},"end":{"line":253,"column":29}}},"17":{"name":"(anonymous_17)","line":289,"loc":{"start":{"line":289,"column":37},"end":{"line":289,"column":65}}},"18":{"name":"(anonymous_18)","line":324,"loc":{"start":{"line":324,"column":4},"end":{"line":324,"column":29}}},"19":{"name":"(anonymous_19)","line":410,"loc":{"start":{"line":410,"column":32},"end":{"line":410,"column":51}}},"20":{"name":"(anonymous_20)","line":417,"loc":{"start":{"line":417,"column":4},"end":{"line":417,"column":29}}},"21":{"name":"(anonymous_21)","line":438,"loc":{"start":{"line":438,"column":59},"end":{"line":438,"column":74}}},"22":{"name":"(anonymous_22)","line":445,"loc":{"start":{"line":445,"column":53},"end":{"line":445,"column":67}}},"23":{"name":"(anonymous_23)","line":469,"loc":{"start":{"line":469,"column":39},"end":{"line":469,"column":58}}},"24":{"name":"(anonymous_24)","line":474,"loc":{"start":{"line":474,"column":4},"end":{"line":474,"column":29}}},"25":{"name":"(anonymous_25)","line":506,"loc":{"start":{"line":506,"column":33},"end":{"line":506,"column":44}}},"26":{"name":"(anonymous_26)","line":527,"loc":{"start":{"line":527,"column":27},"end":{"line":527,"column":54}}},"27":{"name":"(anonymous_27)","line":530,"loc":{"start":{"line":530,"column":48},"end":{"line":530,"column":66}}},"28":{"name":"(anonymous_28)","line":606,"loc":{"start":{"line":606,"column":28},"end":{"line":606,"column":47}}},"29":{"name":"(anonymous_29)","line":611,"loc":{"start":{"line":611,"column":4},"end":{"line":611,"column":29}}},"30":{"name":"(anonymous_30)","line":645,"loc":{"start":{"line":645,"column":37},"end":{"line":645,"column":56}}},"31":{"name":"(anonymous_31)","line":650,"loc":{"start":{"line":650,"column":4},"end":{"line":650,"column":29}}},"32":{"name":"(anonymous_32)","line":677,"loc":{"start":{"line":677,"column":28},"end":{"line":677,"column":47}}},"33":{"name":"(anonymous_33)","line":682,"loc":{"start":{"line":682,"column":4},"end":{"line":682,"column":29}}},"34":{"name":"(anonymous_34)","line":706,"loc":{"start":{"line":706,"column":26},"end":{"line":706,"column":45}}},"35":{"name":"(anonymous_35)","line":711,"loc":{"start":{"line":711,"column":4},"end":{"line":711,"column":29}}},"36":{"name":"(anonymous_36)","line":735,"loc":{"start":{"line":735,"column":26},"end":{"line":735,"column":53}}},"37":{"name":"(anonymous_37)","line":739,"loc":{"start":{"line":739,"column":14},"end":{"line":739,"column":28}}},"38":{"name":"(anonymous_38)","line":742,"loc":{"start":{"line":742,"column":4},"end":{"line":742,"column":29}}},"39":{"name":"(anonymous_39)","line":755,"loc":{"start":{"line":755,"column":29},"end":{"line":755,"column":48}}},"40":{"name":"(anonymous_40)","line":761,"loc":{"start":{"line":761,"column":4},"end":{"line":761,"column":28}}},"41":{"name":"(anonymous_41)","line":774,"loc":{"start":{"line":774,"column":32},"end":{"line":774,"column":43}}},"42":{"name":"(anonymous_42)","line":797,"loc":{"start":{"line":797,"column":32},"end":{"line":797,"column":53}}},"43":{"name":"(anonymous_43)","line":824,"loc":{"start":{"line":824,"column":32},"end":{"line":824,"column":43}}},"44":{"name":"(anonymous_44)","line":835,"loc":{"start":{"line":835,"column":26},"end":{"line":835,"column":44}}}},"statementMap":{"1":{"start":{"line":8,"column":0},"end":{"line":16,"column":2}},"2":{"start":{"line":69,"column":0},"end":{"line":87,"column":2}},"3":{"start":{"line":70,"column":1},"end":{"line":70,"column":32}},"4":{"start":{"line":71,"column":1},"end":{"line":71,"column":34}},"5":{"start":{"line":72,"column":1},"end":{"line":72,"column":34}},"6":{"start":{"line":73,"column":1},"end":{"line":73,"column":34}},"7":{"start":{"line":74,"column":1},"end":{"line":74,"column":32}},"8":{"start":{"line":75,"column":1},"end":{"line":75,"column":53}},"9":{"start":{"line":76,"column":1},"end":{"line":76,"column":42}},"10":{"start":{"line":81,"column":1},"end":{"line":81,"column":57}},"11":{"start":{"line":83,"column":1},"end":{"line":83,"column":18}},"12":{"start":{"line":84,"column":1},"end":{"line":86,"column":15}},"13":{"start":{"line":85,"column":2},"end":{"line":85,"column":25}},"14":{"start":{"line":90,"column":0},"end":{"line":90,"column":40}},"15":{"start":{"line":96,"column":0},"end":{"line":149,"column":2}},"16":{"start":{"line":102,"column":1},"end":{"line":148,"column":15}},"17":{"start":{"line":103,"column":2},"end":{"line":105,"column":3}},"18":{"start":{"line":104,"column":3},"end":{"line":104,"column":39}},"19":{"start":{"line":106,"column":2},"end":{"line":147,"column":16}},"20":{"start":{"line":107,"column":3},"end":{"line":146,"column":4}},"21":{"start":{"line":108,"column":4},"end":{"line":108,"column":40}},"22":{"start":{"line":110,"column":4},"end":{"line":110,"column":30}},"23":{"start":{"line":113,"column":4},"end":{"line":116,"column":5}},"24":{"start":{"line":114,"column":5},"end":{"line":114,"column":45}},"25":{"start":{"line":115,"column":5},"end":{"line":115,"column":49}},"26":{"start":{"line":118,"column":4},"end":{"line":118,"column":40}},"27":{"start":{"line":119,"column":4},"end":{"line":119,"column":24}},"28":{"start":{"line":121,"column":4},"end":{"line":145,"column":5}},"29":{"start":{"line":122,"column":5},"end":{"line":139,"column":19}},"30":{"start":{"line":123,"column":6},"end":{"line":138,"column":20}},"31":{"start":{"line":124,"column":7},"end":{"line":137,"column":8}},"32":{"start":{"line":125,"column":8},"end":{"line":127,"column":9}},"33":{"start":{"line":126,"column":9},"end":{"line":126,"column":34}},"34":{"start":{"line":128,"column":8},"end":{"line":128,"column":23}},"35":{"start":{"line":130,"column":8},"end":{"line":136,"column":9}},"36":{"start":{"line":131,"column":9},"end":{"line":131,"column":33}},"37":{"start":{"line":132,"column":9},"end":{"line":132,"column":30}},"38":{"start":{"line":133,"column":9},"end":{"line":135,"column":10}},"39":{"start":{"line":134,"column":10},"end":{"line":134,"column":35}},"40":{"start":{"line":141,"column":5},"end":{"line":141,"column":26}},"41":{"start":{"line":142,"column":5},"end":{"line":144,"column":6}},"42":{"start":{"line":143,"column":6},"end":{"line":143,"column":33}},"43":{"start":{"line":168,"column":0},"end":{"line":232,"column":2}},"44":{"start":{"line":169,"column":1},"end":{"line":169,"column":18}},"45":{"start":{"line":170,"column":1},"end":{"line":170,"column":30}},"46":{"start":{"line":171,"column":1},"end":{"line":177,"column":4}},"47":{"start":{"line":178,"column":1},"end":{"line":182,"column":3}},"48":{"start":{"line":184,"column":1},"end":{"line":184,"column":28}},"49":{"start":{"line":185,"column":1},"end":{"line":205,"column":4}},"50":{"start":{"line":186,"column":2},"end":{"line":186,"column":28}},"51":{"start":{"line":187,"column":2},"end":{"line":190,"column":5}},"52":{"start":{"line":188,"column":3},"end":{"line":188,"column":20}},"53":{"start":{"line":189,"column":3},"end":{"line":189,"column":26}},"54":{"start":{"line":191,"column":2},"end":{"line":204,"column":5}},"55":{"start":{"line":192,"column":3},"end":{"line":194,"column":4}},"56":{"start":{"line":193,"column":4},"end":{"line":193,"column":11}},"57":{"start":{"line":195,"column":3},"end":{"line":195,"column":58}},"58":{"start":{"line":201,"column":3},"end":{"line":201,"column":34}},"59":{"start":{"line":202,"column":3},"end":{"line":202,"column":34}},"60":{"start":{"line":203,"column":3},"end":{"line":203,"column":27}},"61":{"start":{"line":207,"column":1},"end":{"line":213,"column":4}},"62":{"start":{"line":208,"column":2},"end":{"line":210,"column":3}},"63":{"start":{"line":209,"column":3},"end":{"line":209,"column":10}},"64":{"start":{"line":211,"column":2},"end":{"line":211,"column":41}},"65":{"start":{"line":212,"column":2},"end":{"line":212,"column":26}},"66":{"start":{"line":214,"column":1},"end":{"line":228,"column":4}},"67":{"start":{"line":215,"column":2},"end":{"line":217,"column":3}},"68":{"start":{"line":216,"column":3},"end":{"line":216,"column":10}},"69":{"start":{"line":219,"column":2},"end":{"line":226,"column":3}},"70":{"start":{"line":220,"column":3},"end":{"line":220,"column":17}},"71":{"start":{"line":222,"column":9},"end":{"line":226,"column":3}},"72":{"start":{"line":223,"column":3},"end":{"line":223,"column":17}},"73":{"start":{"line":225,"column":3},"end":{"line":225,"column":17}},"74":{"start":{"line":227,"column":2},"end":{"line":227,"column":26}},"75":{"start":{"line":229,"column":1},"end":{"line":229,"column":39}},"76":{"start":{"line":230,"column":1},"end":{"line":230,"column":25}},"77":{"start":{"line":231,"column":1},"end":{"line":231,"column":11}},"78":{"start":{"line":245,"column":0},"end":{"line":264,"column":2}},"79":{"start":{"line":246,"column":1},"end":{"line":263,"column":15}},"80":{"start":{"line":254,"column":2},"end":{"line":261,"column":3}},"81":{"start":{"line":255,"column":3},"end":{"line":257,"column":5}},"82":{"start":{"line":258,"column":3},"end":{"line":260,"column":4}},"83":{"start":{"line":259,"column":4},"end":{"line":259,"column":39}},"84":{"start":{"line":262,"column":2},"end":{"line":262,"column":38}},"85":{"start":{"line":289,"column":0},"end":{"line":333,"column":2}},"86":{"start":{"line":290,"column":1},"end":{"line":292,"column":2}},"87":{"start":{"line":291,"column":2},"end":{"line":291,"column":73}},"88":{"start":{"line":293,"column":1},"end":{"line":332,"column":15}},"89":{"start":{"line":325,"column":2},"end":{"line":329,"column":3}},"90":{"start":{"line":326,"column":3},"end":{"line":328,"column":22}},"91":{"start":{"line":331,"column":2},"end":{"line":331,"column":38}},"92":{"start":{"line":410,"column":0},"end":{"line":463,"column":2}},"93":{"start":{"line":411,"column":1},"end":{"line":462,"column":15}},"94":{"start":{"line":418,"column":2},"end":{"line":458,"column":3}},"95":{"start":{"line":424,"column":3},"end":{"line":424,"column":90}},"96":{"start":{"line":426,"column":3},"end":{"line":437,"column":4}},"97":{"start":{"line":436,"column":4},"end":{"line":436,"column":18}},"98":{"start":{"line":438,"column":3},"end":{"line":442,"column":17}},"99":{"start":{"line":439,"column":4},"end":{"line":441,"column":5}},"100":{"start":{"line":440,"column":5},"end":{"line":440,"column":82}},"101":{"start":{"line":444,"column":3},"end":{"line":451,"column":4}},"102":{"start":{"line":445,"column":4},"end":{"line":450,"column":18}},"103":{"start":{"line":447,"column":5},"end":{"line":449,"column":6}},"104":{"start":{"line":448,"column":6},"end":{"line":448,"column":72}},"105":{"start":{"line":453,"column":3},"end":{"line":457,"column":4}},"106":{"start":{"line":454,"column":4},"end":{"line":454,"column":82}},"107":{"start":{"line":455,"column":4},"end":{"line":455,"column":87}},"108":{"start":{"line":456,"column":4},"end":{"line":456,"column":57}},"109":{"start":{"line":459,"column":2},"end":{"line":461,"column":3}},"110":{"start":{"line":460,"column":3},"end":{"line":460,"column":52}},"111":{"start":{"line":469,"column":0},"end":{"line":490,"column":2}},"112":{"start":{"line":470,"column":1},"end":{"line":489,"column":15}},"113":{"start":{"line":475,"column":2},"end":{"line":485,"column":3}},"114":{"start":{"line":476,"column":3},"end":{"line":476,"column":25}},"115":{"start":{"line":477,"column":3},"end":{"line":481,"column":5}},"116":{"start":{"line":482,"column":3},"end":{"line":484,"column":4}},"117":{"start":{"line":483,"column":4},"end":{"line":483,"column":134}},"118":{"start":{"line":486,"column":2},"end":{"line":488,"column":3}},"119":{"start":{"line":487,"column":3},"end":{"line":487,"column":59}},"120":{"start":{"line":506,"column":0},"end":{"line":585,"column":2}},"121":{"start":{"line":508,"column":1},"end":{"line":510,"column":2}},"122":{"start":{"line":509,"column":2},"end":{"line":509,"column":42}},"123":{"start":{"line":519,"column":1},"end":{"line":519,"column":27}},"124":{"start":{"line":525,"column":1},"end":{"line":525,"column":25}},"125":{"start":{"line":527,"column":1},"end":{"line":584,"column":15}},"126":{"start":{"line":529,"column":2},"end":{"line":534,"column":6}},"127":{"start":{"line":531,"column":4},"end":{"line":533,"column":53}},"128":{"start":{"line":535,"column":2},"end":{"line":541,"column":3}},"129":{"start":{"line":536,"column":3},"end":{"line":540,"column":4}},"130":{"start":{"line":537,"column":4},"end":{"line":537,"column":50}},"131":{"start":{"line":539,"column":4},"end":{"line":539,"column":11}},"132":{"start":{"line":543,"column":2},"end":{"line":550,"column":3}},"133":{"start":{"line":549,"column":3},"end":{"line":549,"column":48}},"134":{"start":{"line":552,"column":2},"end":{"line":552,"column":53}},"135":{"start":{"line":554,"column":2},"end":{"line":562,"column":4}},"136":{"start":{"line":564,"column":2},"end":{"line":571,"column":3}},"137":{"start":{"line":570,"column":3},"end":{"line":570,"column":47}},"138":{"start":{"line":573,"column":2},"end":{"line":583,"column":3}},"139":{"start":{"line":574,"column":3},"end":{"line":577,"column":5}},"140":{"start":{"line":606,"column":0},"end":{"line":623,"column":2}},"141":{"start":{"line":607,"column":1},"end":{"line":622,"column":15}},"142":{"start":{"line":612,"column":2},"end":{"line":618,"column":3}},"143":{"start":{"line":617,"column":3},"end":{"line":617,"column":62}},"144":{"start":{"line":619,"column":2},"end":{"line":621,"column":3}},"145":{"start":{"line":620,"column":3},"end":{"line":620,"column":48}},"146":{"start":{"line":645,"column":0},"end":{"line":658,"column":2}},"147":{"start":{"line":646,"column":1},"end":{"line":657,"column":15}},"148":{"start":{"line":651,"column":2},"end":{"line":653,"column":3}},"149":{"start":{"line":652,"column":3},"end":{"line":652,"column":72}},"150":{"start":{"line":654,"column":2},"end":{"line":656,"column":3}},"151":{"start":{"line":655,"column":3},"end":{"line":655,"column":57}},"152":{"start":{"line":677,"column":0},"end":{"line":687,"column":2}},"153":{"start":{"line":678,"column":1},"end":{"line":686,"column":15}},"154":{"start":{"line":683,"column":2},"end":{"line":685,"column":3}},"155":{"start":{"line":684,"column":3},"end":{"line":684,"column":102}},"156":{"start":{"line":706,"column":0},"end":{"line":728,"column":2}},"157":{"start":{"line":707,"column":1},"end":{"line":727,"column":15}},"158":{"start":{"line":712,"column":2},"end":{"line":723,"column":3}},"159":{"start":{"line":717,"column":3},"end":{"line":717,"column":57}},"160":{"start":{"line":718,"column":3},"end":{"line":722,"column":4}},"161":{"start":{"line":719,"column":4},"end":{"line":719,"column":21}},"162":{"start":{"line":720,"column":10},"end":{"line":722,"column":4}},"163":{"start":{"line":721,"column":4},"end":{"line":721,"column":32}},"164":{"start":{"line":724,"column":2},"end":{"line":726,"column":3}},"165":{"start":{"line":725,"column":3},"end":{"line":725,"column":46}},"166":{"start":{"line":735,"column":0},"end":{"line":749,"column":2}},"167":{"start":{"line":736,"column":1},"end":{"line":748,"column":15}},"168":{"start":{"line":739,"column":30},"end":{"line":739,"column":68}},"169":{"start":{"line":743,"column":2},"end":{"line":745,"column":3}},"170":{"start":{"line":744,"column":3},"end":{"line":744,"column":119}},"171":{"start":{"line":747,"column":2},"end":{"line":747,"column":27}},"172":{"start":{"line":755,"column":0},"end":{"line":767,"column":2}},"173":{"start":{"line":756,"column":1},"end":{"line":766,"column":4}},"174":{"start":{"line":762,"column":2},"end":{"line":764,"column":3}},"175":{"start":{"line":763,"column":3},"end":{"line":763,"column":51}},"176":{"start":{"line":765,"column":2},"end":{"line":765,"column":37}},"177":{"start":{"line":774,"column":0},"end":{"line":789,"column":2}},"178":{"start":{"line":775,"column":1},"end":{"line":775,"column":78}},"179":{"start":{"line":776,"column":1},"end":{"line":776,"column":28}},"180":{"start":{"line":777,"column":1},"end":{"line":777,"column":65}},"181":{"start":{"line":778,"column":1},"end":{"line":778,"column":65}},"182":{"start":{"line":779,"column":1},"end":{"line":779,"column":65}},"183":{"start":{"line":780,"column":1},"end":{"line":780,"column":66}},"184":{"start":{"line":781,"column":1},"end":{"line":781,"column":46}},"185":{"start":{"line":782,"column":1},"end":{"line":782,"column":113}},"186":{"start":{"line":783,"column":1},"end":{"line":783,"column":48}},"187":{"start":{"line":784,"column":1},"end":{"line":788,"column":3}},"188":{"start":{"line":797,"column":0},"end":{"line":817,"column":2}},"189":{"start":{"line":798,"column":1},"end":{"line":799,"column":16}},"190":{"start":{"line":801,"column":1},"end":{"line":811,"column":2}},"191":{"start":{"line":802,"column":2},"end":{"line":802,"column":35}},"192":{"start":{"line":803,"column":2},"end":{"line":810,"column":17}},"193":{"start":{"line":812,"column":1},"end":{"line":815,"column":2}},"194":{"start":{"line":813,"column":2},"end":{"line":814,"column":113}},"195":{"start":{"line":816,"column":1},"end":{"line":816,"column":15}},"196":{"start":{"line":824,"column":0},"end":{"line":827,"column":2}},"197":{"start":{"line":825,"column":1},"end":{"line":826,"column":18}},"198":{"start":{"line":835,"column":0},"end":{"line":846,"column":2}},"199":{"start":{"line":836,"column":1},"end":{"line":836,"column":42}},"200":{"start":{"line":839,"column":1},"end":{"line":844,"column":2}},"201":{"start":{"line":840,"column":2},"end":{"line":840,"column":41}},"202":{"start":{"line":841,"column":2},"end":{"line":841,"column":37}},"203":{"start":{"line":842,"column":2},"end":{"line":842,"column":33}},"204":{"start":{"line":843,"column":2},"end":{"line":843,"column":31}},"205":{"start":{"line":845,"column":1},"end":{"line":845,"column":22}},"206":{"start":{"line":848,"column":0},"end":{"line":850,"column":2}},"207":{"start":{"line":853,"column":0},"end":{"line":853,"column":20}},"208":{"start":{"line":854,"column":0},"end":{"line":854,"column":20}},"209":{"start":{"line":855,"column":0},"end":{"line":855,"column":19}},"210":{"start":{"line":856,"column":0},"end":{"line":856,"column":17}},"211":{"start":{"line":857,"column":0},"end":{"line":857,"column":21}},"212":{"start":{"line":858,"column":0},"end":{"line":858,"column":23}},"213":{"start":{"line":859,"column":0},"end":{"line":859,"column":20}}},"branchMap":{"1":{"line":70,"type":"binary-expr","locations":[{"start":{"line":70,"column":12},"end":{"line":70,"column":20}},{"start":{"line":70,"column":24},"end":{"line":70,"column":31}}]},"2":{"line":74,"type":"binary-expr","locations":[{"start":{"line":74,"column":13},"end":{"line":74,"column":25}},{"start":{"line":74,"column":29},"end":{"line":74,"column":31}}]},"3":{"line":75,"type":"binary-expr","locations":[{"start":{"line":75,"column":13},"end":{"line":75,"column":25}},{"start":{"line":75,"column":29},"end":{"line":75,"column":52}}]},"4":{"line":76,"type":"binary-expr","locations":[{"start":{"line":76,"column":16},"end":{"line":76,"column":31}},{"start":{"line":76,"column":35},"end":{"line":76,"column":41}}]},"5":{"line":81,"type":"binary-expr","locations":[{"start":{"line":81,"column":24},"end":{"line":81,"column":47}},{"start":{"line":81,"column":51},"end":{"line":81,"column":56}}]},"6":{"line":103,"type":"if","locations":[{"start":{"line":103,"column":2},"end":{"line":103,"column":2}},{"start":{"line":103,"column":2},"end":{"line":103,"column":2}}]},"7":{"line":107,"type":"if","locations":[{"start":{"line":107,"column":3},"end":{"line":107,"column":3}},{"start":{"line":107,"column":3},"end":{"line":107,"column":3}}]},"8":{"line":113,"type":"if","locations":[{"start":{"line":113,"column":4},"end":{"line":113,"column":4}},{"start":{"line":113,"column":4},"end":{"line":113,"column":4}}]},"9":{"line":113,"type":"binary-expr","locations":[{"start":{"line":113,"column":8},"end":{"line":113,"column":12}},{"start":{"line":113,"column":16},"end":{"line":113,"column":26}},{"start":{"line":113,"column":30},"end":{"line":113,"column":46}}]},"10":{"line":121,"type":"if","locations":[{"start":{"line":121,"column":4},"end":{"line":121,"column":4}},{"start":{"line":121,"column":4},"end":{"line":121,"column":4}}]},"11":{"line":124,"type":"if","locations":[{"start":{"line":124,"column":7},"end":{"line":124,"column":7}},{"start":{"line":124,"column":7},"end":{"line":124,"column":7}}]},"12":{"line":124,"type":"binary-expr","locations":[{"start":{"line":124,"column":11},"end":{"line":124,"column":14}},{"start":{"line":124,"column":18},"end":{"line":124,"column":26}}]},"13":{"line":125,"type":"if","locations":[{"start":{"line":125,"column":8},"end":{"line":125,"column":8}},{"start":{"line":125,"column":8},"end":{"line":125,"column":8}}]},"14":{"line":130,"type":"if","locations":[{"start":{"line":130,"column":8},"end":{"line":130,"column":8}},{"start":{"line":130,"column":8},"end":{"line":130,"column":8}}]},"15":{"line":133,"type":"if","locations":[{"start":{"line":133,"column":9},"end":{"line":133,"column":9}},{"start":{"line":133,"column":9},"end":{"line":133,"column":9}}]},"16":{"line":142,"type":"if","locations":[{"start":{"line":142,"column":5},"end":{"line":142,"column":5}},{"start":{"line":142,"column":5},"end":{"line":142,"column":5}}]},"17":{"line":171,"type":"binary-expr","locations":[{"start":{"line":171,"column":18},"end":{"line":171,"column":29}},{"start":{"line":171,"column":33},"end":{"line":177,"column":3}}]},"18":{"line":174,"type":"cond-expr","locations":[{"start":{"line":175,"column":7},"end":{"line":175,"column":83}},{"start":{"line":176,"column":6},"end":{"line":176,"column":15}}]},"19":{"line":175,"type":"cond-expr","locations":[{"start":{"line":175,"column":35},"end":{"line":175,"column":65}},{"start":{"line":175,"column":68},"end":{"line":175,"column":83}}]},"20":{"line":192,"type":"if","locations":[{"start":{"line":192,"column":3},"end":{"line":192,"column":3}},{"start":{"line":192,"column":3},"end":{"line":192,"column":3}}]},"21":{"line":208,"type":"if","locations":[{"start":{"line":208,"column":2},"end":{"line":208,"column":2}},{"start":{"line":208,"column":2},"end":{"line":208,"column":2}}]},"22":{"line":215,"type":"if","locations":[{"start":{"line":215,"column":2},"end":{"line":215,"column":2}},{"start":{"line":215,"column":2},"end":{"line":215,"column":2}}]},"23":{"line":219,"type":"if","locations":[{"start":{"line":219,"column":2},"end":{"line":219,"column":2}},{"start":{"line":219,"column":2},"end":{"line":219,"column":2}}]},"24":{"line":219,"type":"binary-expr","locations":[{"start":{"line":219,"column":6},"end":{"line":219,"column":33}},{"start":{"line":219,"column":37},"end":{"line":219,"column":65}},{"start":{"line":219,"column":70},"end":{"line":219,"column":95}}]},"25":{"line":222,"type":"if","locations":[{"start":{"line":222,"column":9},"end":{"line":222,"column":9}},{"start":{"line":222,"column":9},"end":{"line":222,"column":9}}]},"26":{"line":222,"type":"binary-expr","locations":[{"start":{"line":222,"column":13},"end":{"line":222,"column":38}},{"start":{"line":222,"column":42},"end":{"line":222,"column":68}},{"start":{"line":222,"column":73},"end":{"line":222,"column":95}}]},"27":{"line":254,"type":"if","locations":[{"start":{"line":254,"column":2},"end":{"line":254,"column":2}},{"start":{"line":254,"column":2},"end":{"line":254,"column":2}}]},"28":{"line":258,"type":"if","locations":[{"start":{"line":258,"column":3},"end":{"line":258,"column":3}},{"start":{"line":258,"column":3},"end":{"line":258,"column":3}}]},"29":{"line":290,"type":"if","locations":[{"start":{"line":290,"column":1},"end":{"line":290,"column":1}},{"start":{"line":290,"column":1},"end":{"line":290,"column":1}}]},"30":{"line":302,"type":"cond-expr","locations":[{"start":{"line":303,"column":3},"end":{"line":307,"column":16}},{"start":{"line":307,"column":19},"end":{"line":307,"column":21}}]},"31":{"line":309,"type":"cond-expr","locations":[{"start":{"line":310,"column":3},"end":{"line":321,"column":19}},{"start":{"line":321,"column":22},"end":{"line":321,"column":24}}]},"32":{"line":309,"type":"binary-expr","locations":[{"start":{"line":309,"column":5},"end":{"line":309,"column":35}},{"start":{"line":309,"column":39},"end":{"line":309,"column":71}}]},"33":{"line":325,"type":"if","locations":[{"start":{"line":325,"column":2},"end":{"line":325,"column":2}},{"start":{"line":325,"column":2},"end":{"line":325,"column":2}}]},"34":{"line":325,"type":"binary-expr","locations":[{"start":{"line":325,"column":6},"end":{"line":325,"column":9}},{"start":{"line":325,"column":13},"end":{"line":325,"column":63}}]},"35":{"line":326,"type":"cond-expr","locations":[{"start":{"line":327,"column":6},"end":{"line":327,"column":56}},{"start":{"line":328,"column":6},"end":{"line":328,"column":9}}]},"36":{"line":418,"type":"if","locations":[{"start":{"line":418,"column":2},"end":{"line":418,"column":2}},{"start":{"line":418,"column":2},"end":{"line":418,"column":2}}]},"37":{"line":426,"type":"if","locations":[{"start":{"line":426,"column":3},"end":{"line":
[...]
:"(anonymous_11)","line":207,"loc":{"start":{"line":207,"column":3},"end":{"line":207,"column":31}}}},"statementMap":{"1":{"start":{"line":31,"column":0},"end":{"line":35,"column":19}},"2":{"start":{"line":37,"column":0},"end":{"line":37,"column":37}},"3":{"start":{"line":38,"column":0},"end":{"line":38,"column":35}},"4":{"start":{"line":40,"column":0},"end":{"line":215,"column":3}},"5":{"start":{"line":47,"column":1},"end":{"line":50,"column":2}},"6":{"start":{"line":48,"column":2},"end":{"line":48,"column":19}},"7":{"start":{"line":49,"column":2},"end":{"line":49,"column":9}},"8":{"start":{"line":52,"column":1},"end":{"line":52,"column":20}},"9":{"start":{"line":53,"column":1},"end":{"line":53,"column":16}},"10":{"start":{"line":54,"column":1},"end":{"line":54,"column":29}},"11":{"start":{"line":55,"column":1},"end":{"line":55,"column":23}},"12":{"start":{"line":56,"column":1},"end":{"line":56,"column":24}},"13":{"start":{"line":58,"column":1},"end":{"line":76,"column":3}},"14":{"start":{"line":63,"column":3},"end":{"line":74,"column":4}},"15":{"start":{"line":64,"column":4},"end":{"line":64,"column":21}},"16":{"start":{"line":65,"column":4},"end":{"line":65,"column":11}},"17":{"start":{"line":67,"column":4},"end":{"line":67,"column":50}},"18":{"start":{"line":68,"column":4},"end":{"line":68,"column":56}},"19":{"start":{"line":69,"column":4},"end":{"line":69,"column":43}},"20":{"start":{"line":70,"column":4},"end":{"line":70,"column":50}},"21":{"start":{"line":73,"column":4},"end":{"line":73,"column":32}},"22":{"start":{"line":78,"column":1},"end":{"line":106,"column":3}},"23":{"start":{"line":82,"column":3},"end":{"line":104,"column":4}},"24":{"start":{"line":83,"column":4},"end":{"line":83,"column":40}},"25":{"start":{"line":84,"column":4},"end":{"line":84,"column":11}},"26":{"start":{"line":88,"column":4},"end":{"line":88,"column":35}},"27":{"start":{"line":89,"column":4},"end":{"line":89,"column":18}},"28":{"start":{"line":90,"column":4},"end":{"line":103,"column":5}},"29":{"start":{"line":91,"column":5},"end":{"line":91,"column":21}},"30":{"start":{"line":92,"column":5},"end":{"line":92,"column":30}},"31":{"start":{"line":94,"column":5},"end":{"line":94,"column":54}},"32":{"start":{"line":94,"column":27},"end":{"line":94,"column":54}},"33":{"start":{"line":95,"column":5},"end":{"line":95,"column":29}},"34":{"start":{"line":96,"column":5},"end":{"line":96,"column":31}},"35":{"start":{"line":99,"column":5},"end":{"line":102,"column":6}},"36":{"start":{"line":100,"column":6},"end":{"line":100,"column":68}},"37":{"start":{"line":101,"column":5},"end":{"line":101,"column":13}},"38":{"start":{"line":109,"column":1},"end":{"line":149,"column":2}},"39":{"start":{"line":111,"column":2},"end":{"line":111,"column":26}},"40":{"start":{"line":112,"column":2},"end":{"line":112,"column":33}},"41":{"start":{"line":113,"column":2},"end":{"line":113,"column":25}},"42":{"start":{"line":115,"column":2},"end":{"line":115,"column":18}},"43":{"start":{"line":116,"column":2},"end":{"line":116,"column":76}},"44":{"start":{"line":119,"column":2},"end":{"line":148,"column":5}},"45":{"start":{"line":122,"column":3},"end":{"line":125,"column":4}},"46":{"start":{"line":124,"column":4},"end":{"line":124,"column":19}},"47":{"start":{"line":127,"column":3},"end":{"line":129,"column":4}},"48":{"start":{"line":128,"column":4},"end":{"line":128,"column":11}},"49":{"start":{"line":131,"column":3},"end":{"line":135,"column":4}},"50":{"start":{"line":132,"column":4},"end":{"line":132,"column":43}},"51":{"start":{"line":134,"column":4},"end":{"line":134,"column":54}},"52":{"start":{"line":134,"column":11},"end":{"line":134,"column":54}},"53":{"start":{"line":138,"column":3},"end":{"line":147,"column":56}},"54":{"start":{"line":138,"column":40},"end":{"line":138,"column":57}},"55":{"start":{"line":139,"column":8},"end":{"line":147,"column":56}},"56":{"start":{"line":139,"column":40},"end":{"line":139,"column":60}},"57":{"start":{"line":140,"column":8},"end":{"line":147,"column":56}},"58":{"start":{"line":140,"column":40},"end":{"line":140,"column":60}},"59":{"start":{"line":141,"column":8},"end":{"line":147,"column":56}},"60":{"start":{"line":141,"column":40},"end":{"line":141,"column":60}},"61":{"start":{"line":142,"column":8},"end":{"line":147,"column":56}},"62":{"start":{"line":142,"column":40},"end":{"line":142,"column":64}},"63":{"start":{"line":143,"column":8},"end":{"line":147,"column":56}},"64":{"start":{"line":143,"column":40},"end":{"line":143,"column":62}},"65":{"start":{"line":146,"column":8},"end":{"line":147,"column":56}},"66":{"start":{"line":146,"column":40},"end":{"line":146,"column":62}},"67":{"start":{"line":147,"column":8},"end":{"line":147,"column":56}},"68":{"start":{"line":147,"column":40},"end":{"line":147,"column":56}},"69":{"start":{"line":152,"column":1},"end":{"line":181,"column":3}},"70":{"start":{"line":159,"column":2},"end":{"line":159,"column":25}},"71":{"start":{"line":162,"column":2},"end":{"line":162,"column":43}},"72":{"start":{"line":162,"column":18},"end":{"line":162,"column":43}},"73":{"start":{"line":165,"column":2},"end":{"line":165,"column":45}},"74":{"start":{"line":166,"column":2},"end":{"line":180,"column":7}},"75":{"start":{"line":171,"column":5},"end":{"line":177,"column":6}},"76":{"start":{"line":172,"column":6},"end":{"line":172,"column":23}},"77":{"start":{"line":174,"column":6},"end":{"line":174,"column":45}},"78":{"start":{"line":176,"column":6},"end":{"line":176,"column":50}},"79":{"start":{"line":179,"column":5},"end":{"line":179,"column":29}},"80":{"start":{"line":184,"column":1},"end":{"line":195,"column":2}},"81":{"start":{"line":186,"column":2},"end":{"line":186,"column":38}},"82":{"start":{"line":187,"column":2},"end":{"line":194,"column":6}},"83":{"start":{"line":189,"column":4},"end":{"line":193,"column":5}},"84":{"start":{"line":190,"column":5},"end":{"line":190,"column":22}},"85":{"start":{"line":192,"column":5},"end":{"line":192,"column":38}},"86":{"start":{"line":198,"column":1},"end":{"line":214,"column":2}},"87":{"start":{"line":199,"column":2},"end":{"line":202,"column":3}},"88":{"start":{"line":200,"column":3},"end":{"line":200,"column":39}},"89":{"start":{"line":201,"column":3},"end":{"line":201,"column":10}},"90":{"start":{"line":204,"column":2},"end":{"line":204,"column":69}},"91":{"start":{"line":205,"column":2},"end":{"line":213,"column":6}},"92":{"start":{"line":208,"column":4},"end":{"line":212,"column":5}},"93":{"start":{"line":209,"column":5},"end":{"line":209,"column":22}},"94":{"start":{"line":211,"column":5},"end":{"line":211,"column":46}}},"branchMap":{"1":{"line":47,"type":"if","locations":[{"start":{"line":47,"column":1},"end":{"line":47,"column":1}},{"start":{"line":47,"column":1},"end":{"line":47,"column":1}}]},"2":{"line":63,"type":"if","locations":[{"start":{"line":63,"column":3},"end":{"line":63,"column":3}},{"start":{"line":63,"column":3},"end":{"line":63,"column":3}}]},"3":{"line":82,"type":"if","locations":[{"start":{"line":82,"column":3},"end":{"line":82,"column":3}},{"start":{"line":82,"column":3},"end":{"line":82,"column":3}}]},"4":{"line":94,"type":"if","locations":[{"start":{"line":94,"column":5},"end":{"line":94,"column":5}},{"start":{"line":94,"column":5},"end":{"line":94,"column":5}}]},"5":{"line":99,"type":"if","locations":[{"start":{"line":99,"column":5},"end":{"line":99,"column":5}},{"start":{"line":99,"column":5},"end":{"line":99,"column":5}}]},"6":{"line":122,"type":"if","locations":[{"start":{"line":122,"column":3},"end":{"line":122,"column":3}},{"start":{"line":122,"column":3},"end":{"line":122,"column":3}}]},"7":{"line":122,"type":"binary-expr","locations":[{"start":{"line":122,"column":8},"end":{"line":122,"column":11}},{"start":{"line":122,"column":15},"end":{"line":122,"column":23}},{"start":{"line":122,"column":27},"end":{"line":122,"column":42}},{"start":{"line":123,"column":9},"end":{"line":123,"column":12}},{"start":{"line":123,"column":16},"end":{"line":123,"column":31}}]},"8":{"line":127,"type":"if","locations":[{"start":{"line":127,"column":3},"end":{"line":127,"column":3}},{"start":{"line":127,"column":3},"end":{"line":127,"column":3}}]},"9":{"line":131,"type":"if","locations":[{"start":{"line":131,"column":3},"end":{"line":131,"column":3}},{"start":{"line":131,"column":3},"end":{"line":131,"column":3}}]},"10":{"line":134,"type":"if","locations":[{"start":{"line":134,"column":4},"end":{"line":134,"column":4}},{"start":{"line":134,"column":4},"end":{"line":134,"column":4}}]},"11":{"line":138,"type":"if","locations":[{"start":{"line":138,"column":3},"end":{"line":138,"column":3}},{"start":{"line":138,"column":3},"end":{"line":138,"column":3}}]},"12":{"line":138,"type":"binary-expr","locations":[{"start":{"line":138,"column":12},"end":{"line":138,"column":15}},{"start":{"line":138,"column":19},"end":{"line":138,"column":35}}]},"13":{"line":139,"type":"if","locations":[{"start":{"line":139,"column":8},"end":{"line":139,"column":8}},{"start":{"line":139,"column":8},"end":{"line":139,"column":8}}]},"14":{"line":139,"type":"binary-expr","locations":[{"start":{"line":139,"column":12},"end":{"line":139,"column":15}},{"start":{"line":139,"column":19},"end":{"line":139,"column":37}}]},"15":{"line":140,"type":"if","locations":[{"start":{"line":140,"column":8},"end":{"line":140,"column":8}},{"start":{"line":140,"column":8},"end":{"line":140,"column":8}}]},"16":{"line":140,"type":"binary-expr","locations":[{"start":{"line":140,"column":12},"end":{"line":140,"column":15}},{"start":{"line":140,"column":19},"end":{"line":140,"column":37}}]},"17":{"line":141,"type":"if","locations":[{"start":{"line":141,"column":8},"end":{"line":141,"column":8}},{"start":{"line":141,"column":8},"end":{"line":141,"column":8}}]},"18":{"line":141,"type":"binary-expr","locations":[{"start":{"line":141,"column":12},"end":{"line":141,"column":15}},{"start":{"line":141,"column":19},"end":{"line":141,"column":38}}]},"19":{"line":142,"type":"if","locations":[{"start":{"line":142,"column":8},"end":{"line":142,"column":8}},{"start":{"line":142,"column":8},"end":{"line":142,"column":8}}]},"20":{"line":142,"type":"binary-expr","locations":[{"start":{"line":142,"column":12},"end":{"line":142,"column":14}},{"start":{"line":142,"column":19},"end":{"line":142,"column":34}}]},"21":{"line":143,"type":"if","locations":[{"start":{"line":143,"column":8},"end":{"line":143,"column":8}},{"start":{"line":143,"column":8},"end":{"line":143,"column":8}}]},"22":{"line":143,"type":"binary-expr","locations":[{"start":{"line":143,"column":12},"end":{"line":143,"column":14}},{"start":{"line":143,"column":19},"end":{"line":143,"column":34}}]},"23":{"line":146,"type":"if","locations":[{"start":{"line":146,"column":8},"end":{"line":146,"column":8}},{"start":{"line":146,"column":8},"end":{"line":146,"column":8}}]},"24":{"line":146,"type":"binary-expr","locations":[{"start":{"line":146,"column":12},"end":{"line":146,"column":14}},{"start":{"line":146,"column":19},"end":{"line":146,"column":34}}]},"25":{"line":147,"type":"if","locations":[{"start":{"line":147,"column":8},"end":{"line":147,"column":8}},{"start":{"line":147,"column":8},"end":{"line":147,"column":8}}]},"26":{"line":147,"type":"binary-expr","locations":[{"start":{"line":147,"column":12},"end":{"line":147,"column":14}},{"start":{"line":147,"column":19},"end":{"line":147,"column":26}},{"start":{"line":147,"column":30},"end":{"line":147,"column":38}}]},"27":{"line":162,"type":"if","locations":[{"start":{"line":162,"column":2},"end":{"line":162,"column":2}},{"start":{"line":162,"column":2},"end":{"line":162,"column":2}}]},"28":{"line":171,"type":"if","locations":[{"start":{"line":171,"column":5},"end":{"line":171,"column":5}},{"start":{"line":171,"column":5},"end":{"line":171,"column":5}}]},"29":{"line":189,"type":"if","locations":[{"start":{"line":189,"column":4},"end":{"line":189,"column":4}},{"start":{"line":189,"column":4},"end":{"line":189,"column":4}}]},"30":{"line":199,"type":"if","locations":[{"start":{"line":199,"column":2},"end":{"line":199,"column":2}},{"start":{"line":199,"column":2},"end":{"line":199,"column":2}}]},"31":{"line":208,"type":"if","locations":[{"start":{"line":208,"column":4},"end":{"line":208,"column":4}},{"start":{"line":208,"column":4},"end":{"line":208,"column":4}}]}},"code":["/**"," * NodeJS ONVIF PTZ and Presets Test"," *"," * Created by Roger Hardiman <opensource@rjh.org.uk>"," *"," * Read the cursor keys and send ONVIF PTZ commands to the camera"," *"," * There are a few challenges to reading the keyboard"," * Firstly there is no 'keyup' event. So we use a Timer to schedule an ONVIF"," * Stop Command to be sent after a short delay."," * If we send a new 'move' command (eg change direction or keyboard"," * auto-repeat) any pending Stop commands are no longer required and are"," * cleared and a new Stop command is scheduled to be sent after a short delay."," *"," * Secondly we need to handle auto-repeat if a key is held down so we pause"," * and resume stdin."," *"," * Finally we need to use the completion callbacks for ONVIF functions"," * so that we only send a new ONVIF 'move' command after the previous one has"," * finished to prevent overlapping commands."," *"," * The program also sends Goto Preset commands."," * The program gets a list of ONVIF presets. Keys 1..9 are used to send"," * Goto Preset on the first 9 preset commands."," *"," * The GetPresets command is left as an asyncronous command"," * and the presets list may come in some time after the StreamURI is displayed"," * "," */","","var HOSTNAME = '192.168.1.128',","PORT = 80,","USERNAME = '',","PASSWORD = '',","STOP_DELAY_MS = 50;","","var Cam = require('./lib/onvif').Cam;","var keypress = require('keypress');","","new Cam({","\thostname : HOSTNAME,","\tusername : USERNAME,","\tpassword : PASSWORD,","\tport : PORT,","\ttimeout : 10000","}, function CamFunc(err) {","\tif (err) {","\t\tconsole.log(err);","\t\treturn;","\t}","","\tvar cam_obj = this;","\tvar stop_timer;","\tvar ignore_keypress = false;","\tvar preset_names = [];","\tvar preset_tokens = [];","","\tcam_obj.getStreamUri({","\t\tprotocol : 'RTSP'","\t},\t// Completion callback function","\t\t// This callback is executed once we have a StreamUri","\t\tfunction (err, stream, xml) {","\t\t\tif (err) {","\t\t\t\tconsole.log(err);","\t\t\t\treturn;","\t\t\t} else {","\t\t\t\tconsole.log('------------------------------');","\t\t\t\tconsole.log('Host: ' + HOSTNAME + ' Port: ' + PORT);","\t\t\t\tconsole.log('Stream: = ' + stream.uri);","\t\t\t\tconsole.log('------------------------------');","","\t\t\t\t// start processing the keyboard","\t\t\t\tread_and_process_keyboard();","\t\t\t}","\t\t}","\t);","","\tcam_obj.getPresets({}, // use 'default' profileToken","\t\t// Completion callback function","\t\t// This callback is executed once we have a list of presets","\t\tfunction (err, stream, xml) {","\t\t\tif (err) {","\t\t\t\tconsole.log(\"GetPreset Error \"+err);","\t\t\t\treturn;","\t\t\t} else {","\t\t\t\t// loop over the presets and populate the arrays","\t\t\t\t// Do this for the first 9 presets","\t\t\t\tconsole.log(\"GetPreset Reply\");","\t\t\t\tvar count = 1;","\t\t\t\tfor(var item in stream) {","\t\t\t\t\tvar name = item;          //key","\t\t\t\t\tvar token = stream[item]; //value","\t\t\t\t\t// It is possible to have a preset with a blank name so generate a name","\t\t\t\t\tif (name.length == 0) name='no name ('+token+')';","\t\t\t\t\tpreset_names.push(name);","\t\t\t\t\tpreset_tokens.push(token);","","\t\t\t\t\t// Show first 9 preset names to user","\t\t\t\t\tif (count < 9) {","\t\t\t\t\t\tconsole.log('Press key '+count+ ' for preset \"' + name + '\"');","\t\t\t\t\tcount++;","\t\t\t\t\t}","\t\t\t\t}","\t\t\t}","\t\t}","\t);","","","\tfunction read_and_process_keyboard() {","\t\t// listen for the \"keypress\" events","\t\tkeypress(process.stdin);","\t\tprocess.stdin.setRawMode(true);","\t\tprocess.stdin.resume();","","\t\tconsole.log('');","\t\tconsole.log('Use Cursor Keys to move camera. + and - to zoom. q to quit');","","\t\t// keypress handler","\t\tprocess.stdin.on('keypress', function (ch, key) {","","\t\t\t/* Exit on 'q' or 'Q' or 'CTRL C' */","\t\t\tif ((key && key.ctrl && key.name == 'c')","\t\t\t\t || (key && key.name == 'q')) {","\t\t\t\tprocess.exit();","\t\t\t}","","\t\t\tif (ignore_keypress) {","\t\t\t\treturn;","\t\t\t}","","\t\t\tif (key) {","\t\t\t\tconsole.log('got \"keypress\"',key.name);","\t\t\t} else {","\t\t\t\tif (ch)console.log('got \"keypress character\"',ch);","\t\t\t}","","","\t\t\tif      (key && key.name == 'up')    move(0,1,0,'up');","\t\t\telse if (key && key.name == 'down')  move(0,-1,0,'down');","\t\t\telse if (key && key.name == 'left')  move(-1,0,0,'left');","\t\t\telse if (key && key.name == 'right') move(1,0,0,'right');","\t\t\telse if (ch  && ch       == '-')     move(0,0,-1,'zoom out');","\t\t\telse if (ch  && ch       == '+')     move(0,0,1,'zoom in');","\t\t\t// On English keyboards '+' is \"Shift and = key\"","\t\t\t// Accept the \"=\" key as zoom in","\t\t\telse if (ch  && ch       == '=')     move(0,0,1,'zoom in');","\t\t\telse if (ch  && ch>='1' && ch <='9') goto_preset(ch);","\t\t});","\t}","","","\tfunction move(x_speed, y_speed, zoom_speed, msg) {","\t\t// Step 1 - Turn off the keyboard processing (so keypresses do not buffer up)","\t\t// Step 2 - Clear any existing 'stop' timeouts. We will re-schedule a new 'stop' command in this function ","\t\t// Step 3 - Send the Pan/Tilt/Zoom 'move' command.","\t\t// Step 4 - In the callback from the PTZ 'move' command we schedule the ONVIF Stop command to be executed after a short delay and re-enable the keyboard","","\t\t// Pause keyboard processing","\t\tignore_keypress = true;","","\t\t// Clear any pending 'stop' commands","\t\tif (stop_timer) clearTimeout(stop_timer);","","\t\t// Move the camera","\t\tconsole.log('sending move command ' + msg);","\t\tcam_obj.continuousMove({x : x_speed,","\t\t\t\t\ty : y_speed,","\t\t\t\t\tzoom : zoom_speed } ,","\t\t\t\t// completion callback function","\t\t\t\tfunction (err, stream, xml) {","\t\t\t\t\tif (err) {","\t\t\t\t\t\tconsole.log(err);","\t\t\t\t\t} else {","\t\t\t\t\t\tconsole.log('move command sent '+ msg);","\t\t\t\t\t\t// schedule a Stop command to run in the future ","\t\t\t\t\t\tstop_timer = setTimeout(stop,STOP_DELAY_MS);","\t\t\t\t\t}","\t\t\t\t\t// Resume keyboard processing","\t\t\t\t\tignore_keypress = false;","\t\t\t\t});","\t\t}","","","\tfunction stop() {","\t\t// send a stop command, stopping Pan/Tilt and stopping zoom","\t\tconsole.log('sending stop command');","\t\tcam_obj.stop({panTilt: true, zoom: true},","\t\t\tfunction (err,stream, xml){","\t\t\t\tif (err) {","\t\t\t\t\tconsole.log(err);","\t\t\t\t} else {","\t\t\t\t\tconsole.log('stop command sent');","\t\t\t\t}","\t\t\t});","\t}","","","\tfunction goto_preset(number) {","\t\tif (number > preset_names.length) {","\t\t\tconsole.log (\"No preset \" + number);","\t\t\treturn;","\t\t}","","\t\tconsole.log('sending goto preset command '+preset_names[number-1]);","\t\tcam_obj.gotoPreset({ preset : preset_tokens[number-1] } ,","\t\t\t// completion callback function","\t\t\tfunction (err, stream, xml) {","\t\t\t\tif (err) {","\t\t\t\t\tconsole.log(err);","\t\t\t\t} else {","\t\t\t\t\tconsole.log('goto preset command sent ');","\t\t\t\t}","\t\t\t});","\t}","});",""],"l":{"31":2,"37":2,"38":2,"40":0,"47":0,"48":0,"49":0,"52":0,"53":0,"54":0,"55":0,"56":0,"58":0,"63":0,"64":0,"65":0,"67":0,"68":0,"69":0,"70":0,"73":0,"78":0,"82":0,"83":0,"84":0,"88":0,"89":0,"90":0,"91":0,"92":0,"94":0,"95":0,"96":0,"99":0,"100":0,"101":0,"109":1,"111":0,"112":0,"113":0,"115":0,"116":0,"119":0,"122":0,"124":0,"127":0,"128":0,"131":0,"132":0,"134":0,"138":0,"139":0,"140":0,"141":0,"142":0,"143":0,"146":0,"147":0,"152":1,"159":0,"162":0,"165":0,"166":0,"171":0,"172":0,"174":0,"176":0,"179":0,"184":1,"186":0,"187":0,"189":0,"190":0,"192":0,"198":1,"199":0,"200":0,"201":0,"204":0,"205":0,"208":0,"209":0,"211":0}}}